2023-08-20 21:58:26.638 [info] Log level: Info
2023-08-20 21:58:26.639 [info] Validating found git in: "git"
2023-08-20 21:58:26.663 [info] Using git "2.41.0" from "git"
2023-08-20 21:58:26.680 [info] > git rev-parse --show-toplevel [4ms]
2023-08-20 21:58:26.680 [info] fatal: not a git repository (or any of the parent directories): .git
2023-08-20 21:58:44.634 [info] Log level: Info
2023-08-20 21:58:44.634 [info] Validating found git in: "git"
2023-08-20 21:58:44.634 [info] Using git "2.41.0" from "git"
2023-08-20 21:58:44.638 [info] > git rev-parse --show-toplevel [6ms]
2023-08-20 21:58:44.638 [info] fatal: not a git repository (or any parent up to mount point /)
Stopping at filesystem boundary (GIT_DISCOVERY_ACROSS_FILESYSTEM not set).
2023-08-20 21:58:44.703 [info] > git rev-parse --show-toplevel [13ms]
2023-08-20 21:58:44.703 [info] fatal: not a git repository (or any parent up to mount point /)
Stopping at filesystem boundary (GIT_DISCOVERY_ACROSS_FILESYSTEM not set).
2023-08-20 21:58:44.722 [info] > git rev-parse --show-toplevel [3ms]
2023-08-20 21:58:44.722 [info] fatal: not a git repository (or any parent up to mount point /)
Stopping at filesystem boundary (GIT_DISCOVERY_ACROSS_FILESYSTEM not set).
2023-08-20 21:58:44.732 [info] > git rev-parse --show-toplevel [3ms]
2023-08-20 21:58:44.732 [info] fatal: not a git repository (or any parent up to mount point /)
Stopping at filesystem boundary (GIT_DISCOVERY_ACROSS_FILESYSTEM not set).
2023-08-20 21:58:44.738 [info] > git rev-parse --show-toplevel [1ms]
2023-08-20 21:58:44.738 [info] fatal: not a git repository (or any parent up to mount point /)
Stopping at filesystem boundary (GIT_DISCOVERY_ACROSS_FILESYSTEM not set).
2023-08-20 21:58:44.746 [info] > git rev-parse --show-toplevel [2ms]
2023-08-20 21:58:44.746 [info] fatal: not a git repository (or any parent up to mount point /)
Stopping at filesystem boundary (GIT_DISCOVERY_ACROSS_FILESYSTEM not set).
2023-08-20 21:58:44.757 [info] > git rev-parse --show-toplevel [2ms]
2023-08-20 21:58:44.757 [info] fatal: not a git repository (or any parent up to mount point /)
Stopping at filesystem boundary (GIT_DISCOVERY_ACROSS_FILESYSTEM not set).
2023-08-20 21:58:44.767 [info] > git rev-parse --show-toplevel [2ms]
2023-08-20 21:58:44.767 [info] fatal: not a git repository (or any parent up to mount point /)
Stopping at filesystem boundary (GIT_DISCOVERY_ACROSS_FILESYSTEM not set).
2023-08-20 21:58:44.775 [info] > git rev-parse --show-toplevel [1ms]
2023-08-20 21:58:44.775 [info] fatal: not a git repository (or any parent up to mount point /)
Stopping at filesystem boundary (GIT_DISCOVERY_ACROSS_FILESYSTEM not set).
2023-08-20 21:58:44.784 [info] > git rev-parse --show-toplevel [3ms]
2023-08-20 21:58:44.784 [info] fatal: not a git repository (or any parent up to mount point /)
Stopping at filesystem boundary (GIT_DISCOVERY_ACROSS_FILESYSTEM not set).
2023-08-20 21:58:44.801 [info] > git rev-parse --show-toplevel [5ms]
2023-08-20 21:58:44.801 [info] fatal: not a git repository (or any parent up to mount point /)
Stopping at filesystem boundary (GIT_DISCOVERY_ACROSS_FILESYSTEM not set).
2023-08-20 21:58:44.814 [info] > git rev-parse --show-toplevel [5ms]
2023-08-20 21:58:44.814 [info] fatal: not a git repository (or any parent up to mount point /)
Stopping at filesystem boundary (GIT_DISCOVERY_ACROSS_FILESYSTEM not set).
2023-08-20 21:58:44.823 [info] > git rev-parse --show-toplevel [3ms]
2023-08-20 21:58:44.823 [info] fatal: not a git repository (or any parent up to mount point /)
Stopping at filesystem boundary (GIT_DISCOVERY_ACROSS_FILESYSTEM not set).
2023-08-20 21:58:44.832 [info] > git rev-parse --show-toplevel [2ms]
2023-08-20 21:58:44.832 [info] fatal: not a git repository (or any parent up to mount point /)
Stopping at filesystem boundary (GIT_DISCOVERY_ACROSS_FILESYSTEM not set).
2023-08-20 21:58:44.840 [info] > git rev-parse --show-toplevel [1ms]
2023-08-20 21:58:44.841 [info] fatal: not a git repository (or any parent up to mount point /)
Stopping at filesystem boundary (GIT_DISCOVERY_ACROSS_FILESYSTEM not set).
2023-08-20 21:58:44.846 [info] > git rev-parse --show-toplevel [1ms]
2023-08-20 21:58:44.847 [info] fatal: not a git repository (or any parent up to mount point /)
Stopping at filesystem boundary (GIT_DISCOVERY_ACROSS_FILESYSTEM not set).
2023-08-20 21:58:44.852 [info] > git rev-parse --show-toplevel [1ms]
2023-08-20 21:58:44.852 [info] fatal: not a git repository (or any parent up to mount point /)
Stopping at filesystem boundary (GIT_DISCOVERY_ACROSS_FILESYSTEM not set).
2023-08-20 21:58:44.858 [info] > git rev-parse --show-toplevel [1ms]
2023-08-20 21:58:44.858 [info] fatal: not a git repository (or any parent up to mount point /)
Stopping at filesystem boundary (GIT_DISCOVERY_ACROSS_FILESYSTEM not set).
2023-08-20 21:58:44.864 [info] > git rev-parse --show-toplevel [0ms]
2023-08-20 21:58:44.864 [info] fatal: not a git repository (or any parent up to mount point /)
Stopping at filesystem boundary (GIT_DISCOVERY_ACROSS_FILESYSTEM not set).
2023-08-20 21:58:44.873 [info] > git rev-parse --show-toplevel [2ms]
2023-08-20 21:58:44.873 [info] fatal: not a git repository (or any parent up to mount point /)
Stopping at filesystem boundary (GIT_DISCOVERY_ACROSS_FILESYSTEM not set).
2023-08-20 21:58:44.880 [info] > git rev-parse --show-toplevel [2ms]
2023-08-20 21:58:44.880 [info] fatal: not a git repository (or any parent up to mount point /)
Stopping at filesystem boundary (GIT_DISCOVERY_ACROSS_FILESYSTEM not set).
2023-08-20 21:58:44.886 [info] > git rev-parse --show-toplevel [1ms]
2023-08-20 21:58:44.886 [info] fatal: not a git repository (or any parent up to mount point /)
Stopping at filesystem boundary (GIT_DISCOVERY_ACROSS_FILESYSTEM not set).
2023-08-20 21:58:44.894 [info] > git rev-parse --show-toplevel [2ms]
2023-08-20 21:58:44.894 [info] fatal: not a git repository (or any parent up to mount point /)
Stopping at filesystem boundary (GIT_DISCOVERY_ACROSS_FILESYSTEM not set).
2023-08-20 21:58:44.902 [info] > git rev-parse --show-toplevel [2ms]
2023-08-20 21:58:44.902 [info] fatal: not a git repository (or any parent up to mount point /)
Stopping at filesystem boundary (GIT_DISCOVERY_ACROSS_FILESYSTEM not set).
2023-08-20 21:58:44.909 [info] > git rev-parse --show-toplevel [1ms]
2023-08-20 21:58:44.909 [info] fatal: not a git repository (or any parent up to mount point /)
Stopping at filesystem boundary (GIT_DISCOVERY_ACROSS_FILESYSTEM not set).
2023-08-20 21:58:44.917 [info] > git rev-parse --show-toplevel [2ms]
2023-08-20 21:58:44.917 [info] fatal: not a git repository (or any parent up to mount point /)
Stopping at filesystem boundary (GIT_DISCOVERY_ACROSS_FILESYSTEM not set).
2023-08-20 21:58:44.926 [info] > git rev-parse --show-toplevel [2ms]
2023-08-20 21:58:44.926 [info] fatal: not a git repository (or any parent up to mount point /)
Stopping at filesystem boundary (GIT_DISCOVERY_ACROSS_FILESYSTEM not set).
2023-08-20 21:58:44.935 [info] > git rev-parse --show-toplevel [2ms]
2023-08-20 21:58:44.935 [info] fatal: not a git repository (or any parent up to mount point /)
Stopping at filesystem boundary (GIT_DISCOVERY_ACROSS_FILESYSTEM not set).
2023-08-20 21:58:44.944 [info] > git rev-parse --show-toplevel [1ms]
2023-08-20 21:58:44.944 [info] fatal: not a git repository (or any parent up to mount point /)
Stopping at filesystem boundary (GIT_DISCOVERY_ACROSS_FILESYSTEM not set).
2023-08-20 21:58:44.952 [info] > git rev-parse --show-toplevel [2ms]
2023-08-20 21:58:44.952 [info] fatal: not a git repository (or any parent up to mount point /)
Stopping at filesystem boundary (GIT_DISCOVERY_ACROSS_FILESYSTEM not set).
2023-08-20 21:58:44.966 [info] > git rev-parse --show-toplevel [1ms]
2023-08-20 21:58:44.966 [info] fatal: not a git repository (or any parent up to mount point /)
Stopping at filesystem boundary (GIT_DISCOVERY_ACROSS_FILESYSTEM not set).
2023-08-20 21:58:44.985 [info] > git rev-parse --show-toplevel [2ms]
2023-08-20 21:58:44.985 [info] fatal: not a git repository (or any parent up to mount point /)
Stopping at filesystem boundary (GIT_DISCOVERY_ACROSS_FILESYSTEM not set).
2023-08-20 21:58:44.996 [info] > git rev-parse --show-toplevel [1ms]
2023-08-20 21:58:44.996 [info] fatal: not a git repository (or any parent up to mount point /)
Stopping at filesystem boundary (GIT_DISCOVERY_ACROSS_FILESYSTEM not set).
2023-08-20 21:58:45.018 [info] > git rev-parse --show-toplevel [12ms]
2023-08-20 21:58:45.018 [info] fatal: not a git repository (or any parent up to mount point /)
Stopping at filesystem boundary (GIT_DISCOVERY_ACROSS_FILESYSTEM not set).
2023-08-20 21:58:45.031 [info] > git rev-parse --show-toplevel [0ms]
2023-08-20 21:58:45.031 [info] fatal: not a git repository (or any parent up to mount point /)
Stopping at filesystem boundary (GIT_DISCOVERY_ACROSS_FILESYSTEM not set).
2023-08-20 21:58:45.041 [info] > git rev-parse --show-toplevel [2ms]
2023-08-20 21:58:45.041 [info] fatal: not a git repository (or any parent up to mount point /)
Stopping at filesystem boundary (GIT_DISCOVERY_ACROSS_FILESYSTEM not set).
2023-08-20 21:58:45.049 [info] > git rev-parse --show-toplevel [2ms]
2023-08-20 21:58:45.049 [info] fatal: not a git repository (or any parent up to mount point /)
Stopping at filesystem boundary (GIT_DISCOVERY_ACROSS_FILESYSTEM not set).
2023-08-20 21:58:45.057 [info] > git rev-parse --show-toplevel [2ms]
2023-08-20 21:58:45.057 [info] fatal: not a git repository (or any parent up to mount point /)
Stopping at filesystem boundary (GIT_DISCOVERY_ACROSS_FILESYSTEM not set).
2023-08-20 21:58:45.065 [info] > git rev-parse --show-toplevel [1ms]
2023-08-20 21:58:45.065 [info] fatal: not a git repository (or any parent up to mount point /)
Stopping at filesystem boundary (GIT_DISCOVERY_ACROSS_FILESYSTEM not set).
2023-08-20 21:58:45.075 [info] > git rev-parse --show-toplevel [1ms]
2023-08-20 21:58:45.076 [info] fatal: not a git repository (or any parent up to mount point /)
Stopping at filesystem boundary (GIT_DISCOVERY_ACROSS_FILESYSTEM not set).
2023-08-20 21:58:45.084 [info] > git rev-parse --show-toplevel [2ms]
2023-08-20 21:58:45.084 [info] fatal: not a git repository (or any parent up to mount point /)
Stopping at filesystem boundary (GIT_DISCOVERY_ACROSS_FILESYSTEM not set).
2023-08-20 21:58:45.092 [info] > git rev-parse --show-toplevel [1ms]
2023-08-20 21:58:45.092 [info] fatal: not a git repository (or any parent up to mount point /)
Stopping at filesystem boundary (GIT_DISCOVERY_ACROSS_FILESYSTEM not set).
2023-08-20 21:58:45.105 [info] > git rev-parse --show-toplevel [1ms]
2023-08-20 21:58:45.105 [info] fatal: not a git repository (or any parent up to mount point /)
Stopping at filesystem boundary (GIT_DISCOVERY_ACROSS_FILESYSTEM not set).
2023-08-20 21:58:45.115 [info] > git rev-parse --show-toplevel [2ms]
2023-08-20 21:58:45.115 [info] fatal: not a git repository (or any parent up to mount point /)
Stopping at filesystem boundary (GIT_DISCOVERY_ACROSS_FILESYSTEM not set).
2023-08-20 21:58:45.124 [info] > git rev-parse --show-toplevel [2ms]
2023-08-20 21:58:45.124 [info] fatal: not a git repository (or any parent up to mount point /)
Stopping at filesystem boundary (GIT_DISCOVERY_ACROSS_FILESYSTEM not set).
2023-08-20 21:58:45.132 [info] > git rev-parse --show-toplevel [2ms]
2023-08-20 21:58:45.132 [info] fatal: not a git repository (or any parent up to mount point /)
Stopping at filesystem boundary (GIT_DISCOVERY_ACROSS_FILESYSTEM not set).
2023-08-20 21:58:45.141 [info] > git rev-parse --show-toplevel [2ms]
2023-08-20 21:58:45.142 [info] fatal: not a git repository (or any parent up to mount point /)
Stopping at filesystem boundary (GIT_DISCOVERY_ACROSS_FILESYSTEM not set).
2023-08-20 21:58:45.150 [info] > git rev-parse --show-toplevel [1ms]
2023-08-20 21:58:45.150 [info] fatal: not a git repository (or any parent up to mount point /)
Stopping at filesystem boundary (GIT_DISCOVERY_ACROSS_FILESYSTEM not set).
2023-08-20 21:58:45.158 [info] > git rev-parse --show-toplevel [2ms]
2023-08-20 21:58:45.158 [info] fatal: not a git repository (or any parent up to mount point /)
Stopping at filesystem boundary (GIT_DISCOVERY_ACROSS_FILESYSTEM not set).
2023-08-20 21:58:45.168 [info] > git rev-parse --show-toplevel [4ms]
2023-08-20 21:58:45.168 [info] fatal: not a git repository (or any parent up to mount point /)
Stopping at filesystem boundary (GIT_DISCOVERY_ACROSS_FILESYSTEM not set).
2023-08-20 21:58:45.177 [info] > git rev-parse --show-toplevel [3ms]
2023-08-20 21:58:45.177 [info] fatal: not a git repository (or any parent up to mount point /)
Stopping at filesystem boundary (GIT_DISCOVERY_ACROSS_FILESYSTEM not set).
2023-08-20 21:58:45.184 [info] > git rev-parse --show-toplevel [1ms]
2023-08-20 21:58:45.184 [info] fatal: not a git repository (or any parent up to mount point /)
Stopping at filesystem boundary (GIT_DISCOVERY_ACROSS_FILESYSTEM not set).
2023-08-20 21:58:45.192 [info] > git rev-parse --show-toplevel [1ms]
2023-08-20 21:58:45.192 [info] fatal: not a git repository (or any parent up to mount point /)
Stopping at filesystem boundary (GIT_DISCOVERY_ACROSS_FILESYSTEM not set).
2023-08-20 21:58:45.198 [info] > git rev-parse --show-toplevel [1ms]
2023-08-20 21:58:45.198 [info] fatal: not a git repository (or any parent up to mount point /)
Stopping at filesystem boundary (GIT_DISCOVERY_ACROSS_FILESYSTEM not set).
2023-08-20 21:58:45.204 [info] > git rev-parse --show-toplevel [1ms]
2023-08-20 21:58:45.204 [info] fatal: not a git repository (or any parent up to mount point /)
Stopping at filesystem boundary (GIT_DISCOVERY_ACROSS_FILESYSTEM not set).
2023-08-20 21:58:45.211 [info] > git rev-parse --show-toplevel [2ms]
2023-08-20 21:58:45.211 [info] fatal: not a git repository (or any parent up to mount point /)
Stopping at filesystem boundary (GIT_DISCOVERY_ACROSS_FILESYSTEM not set).
2023-08-20 21:58:45.216 [info] > git rev-parse --show-toplevel [1ms]
2023-08-20 21:58:45.216 [info] fatal: not a git repository (or any parent up to mount point /)
Stopping at filesystem boundary (GIT_DISCOVERY_ACROSS_FILESYSTEM not set).
2023-08-20 21:58:45.222 [info] > git rev-parse --show-toplevel [1ms]
2023-08-20 21:58:45.222 [info] fatal: not a git repository (or any parent up to mount point /)
Stopping at filesystem boundary (GIT_DISCOVERY_ACROSS_FILESYSTEM not set).
2023-08-20 21:58:45.232 [info] > git rev-parse --show-toplevel [4ms]
2023-08-20 21:58:45.232 [info] fatal: not a git repository (or any parent up to mount point /)
Stopping at filesystem boundary (GIT_DISCOVERY_ACROSS_FILESYSTEM not set).
2023-08-20 21:58:45.239 [info] > git rev-parse --show-toplevel [1ms]
2023-08-20 21:58:45.239 [info] fatal: not a git repository (or any parent up to mount point /)
Stopping at filesystem boundary (GIT_DISCOVERY_ACROSS_FILESYSTEM not set).
2023-08-20 21:58:45.244 [info] > git rev-parse --show-toplevel [1ms]
2023-08-20 21:58:45.244 [info] fatal: not a git repository (or any parent up to mount point /)
Stopping at filesystem boundary (GIT_DISCOVERY_ACROSS_FILESYSTEM not set).
2023-08-20 21:58:45.250 [info] > git rev-parse --show-toplevel [1ms]
2023-08-20 21:58:45.250 [info] fatal: not a git repository (or any parent up to mount point /)
Stopping at filesystem boundary (GIT_DISCOVERY_ACROSS_FILESYSTEM not set).
2023-08-20 21:58:45.256 [info] > git rev-parse --show-toplevel [1ms]
2023-08-20 21:58:45.256 [info] fatal: not a git repository (or any parent up to mount point /)
Stopping at filesystem boundary (GIT_DISCOVERY_ACROSS_FILESYSTEM not set).
2023-08-20 21:58:45.262 [info] > git rev-parse --show-toplevel [0ms]
2023-08-20 21:58:45.262 [info] fatal: not a git repository (or any parent up to mount point /)
Stopping at filesystem boundary (GIT_DISCOVERY_ACROSS_FILESYSTEM not set).
2023-08-20 21:58:45.266 [info] > git rev-parse --show-toplevel [1ms]
2023-08-20 21:58:45.266 [info] fatal: not a git repository (or any parent up to mount point /)
Stopping at filesystem boundary (GIT_DISCOVERY_ACROSS_FILESYSTEM not set).
2023-08-20 21:58:45.271 [info] > git rev-parse --show-toplevel [1ms]
2023-08-20 21:58:45.271 [info] fatal: not a git repository (or any parent up to mount point /)
Stopping at filesystem boundary (GIT_DISCOVERY_ACROSS_FILESYSTEM not set).
2023-08-20 21:58:45.276 [info] > git rev-parse --show-toplevel [1ms]
2023-08-20 21:58:45.276 [info] fatal: not a git repository (or any parent up to mount point /)
Stopping at filesystem boundary (GIT_DISCOVERY_ACROSS_FILESYSTEM not set).
2023-08-20 21:58:45.281 [info] > git rev-parse --show-toplevel [1ms]
2023-08-20 21:58:45.281 [info] fatal: not a git repository (or any parent up to mount point /)
Stopping at filesystem boundary (GIT_DISCOVERY_ACROSS_FILESYSTEM not set).
2023-08-20 21:58:45.287 [info] > git rev-parse --show-toplevel [1ms]
2023-08-20 21:58:45.287 [info] fatal: not a git repository (or any parent up to mount point /)
Stopping at filesystem boundary (GIT_DISCOVERY_ACROSS_FILESYSTEM not set).
2023-08-20 21:58:45.292 [info] > git rev-parse --show-toplevel [1ms]
2023-08-20 21:58:45.292 [info] fatal: not a git repository (or any parent up to mount point /)
Stopping at filesystem boundary (GIT_DISCOVERY_ACROSS_FILESYSTEM not set).
2023-08-20 21:58:45.297 [info] > git rev-parse --show-toplevel [1ms]
2023-08-20 21:58:45.297 [info] fatal: not a git repository (or any parent up to mount point /)
Stopping at filesystem boundary (GIT_DISCOVERY_ACROSS_FILESYSTEM not set).
2023-08-20 21:58:45.302 [info] > git rev-parse --show-toplevel [1ms]
2023-08-20 21:58:45.302 [info] fatal: not a git repository (or any parent up to mount point /)
Stopping at filesystem boundary (GIT_DISCOVERY_ACROSS_FILESYSTEM not set).
2023-08-20 21:58:45.308 [info] > git rev-parse --show-toplevel [1ms]
2023-08-20 21:58:45.308 [info] fatal: not a git repository (or any parent up to mount point /)
Stopping at filesystem boundary (GIT_DISCOVERY_ACROSS_FILESYSTEM not set).
2023-08-20 21:58:45.313 [info] > git rev-parse --show-toplevel [1ms]
2023-08-20 21:58:45.313 [info] fatal: not a git repository (or any parent up to mount point /)
Stopping at filesystem boundary (GIT_DISCOVERY_ACROSS_FILESYSTEM not set).
2023-08-20 21:58:45.318 [info] > git rev-parse --show-toplevel [1ms]
2023-08-20 21:58:45.318 [info] fatal: not a git repository (or any parent up to mount point /)
Stopping at filesystem boundary (GIT_DISCOVERY_ACROSS_FILESYSTEM not set).
2023-08-20 21:58:45.323 [info] > git rev-parse --show-toplevel [1ms]
2023-08-20 21:58:45.323 [info] fatal: not a git repository (or any parent up to mount point /)
Stopping at filesystem boundary (GIT_DISCOVERY_ACROSS_FILESYSTEM not set).
2023-08-20 21:58:45.328 [info] > git rev-parse --show-toplevel [1ms]
2023-08-20 21:58:45.328 [info] fatal: not a git repository (or any parent up to mount point /)
Stopping at filesystem boundary (GIT_DISCOVERY_ACROSS_FILESYSTEM not set).
2023-08-20 21:58:45.333 [info] > git rev-parse --show-toplevel [1ms]
2023-08-20 21:58:45.333 [info] fatal: not a git repository (or any parent up to mount point /)
Stopping at filesystem boundary (GIT_DISCOVERY_ACROSS_FILESYSTEM not set).
2023-08-20 21:58:45.338 [info] > git rev-parse --show-toplevel [1ms]
2023-08-20 21:58:45.338 [info] fatal: not a git repository (or any parent up to mount point /)
Stopping at filesystem boundary (GIT_DISCOVERY_ACROSS_FILESYSTEM not set).
2023-08-20 21:58:45.343 [info] > git rev-parse --show-toplevel [1ms]
2023-08-20 21:58:45.343 [info] fatal: not a git repository (or any parent up to mount point /)
Stopping at filesystem boundary (GIT_DISCOVERY_ACROSS_FILESYSTEM not set).
2023-08-20 21:58:45.348 [info] > git rev-parse --show-toplevel [1ms]
2023-08-20 21:58:45.348 [info] fatal: not a git repository (or any parent up to mount point /)
Stopping at filesystem boundary (GIT_DISCOVERY_ACROSS_FILESYSTEM not set).
2023-08-20 21:58:45.355 [info] > git rev-parse --show-toplevel [1ms]
2023-08-20 21:58:45.355 [info] fatal: not a git repository (or any parent up to mount point /)
Stopping at filesystem boundary (GIT_DISCOVERY_ACROSS_FILESYSTEM not set).
2023-08-20 21:58:45.360 [info] > git rev-parse --show-toplevel [1ms]
2023-08-20 21:58:45.360 [info] fatal: not a git repository (or any parent up to mount point /)
Stopping at filesystem boundary (GIT_DISCOVERY_ACROSS_FILESYSTEM not set).
2023-08-20 21:58:45.366 [info] > git rev-parse --show-toplevel [1ms]
2023-08-20 21:58:45.366 [info] fatal: not a git repository (or any parent up to mount point /)
Stopping at filesystem boundary (GIT_DISCOVERY_ACROSS_FILESYSTEM not set).
2023-08-20 21:58:45.370 [info] > git rev-parse --show-toplevel [0ms]
2023-08-20 21:58:45.370 [info] fatal: not a git repository (or any parent up to mount point /)
Stopping at filesystem boundary (GIT_DISCOVERY_ACROSS_FILESYSTEM not set).
2023-08-20 21:58:45.375 [info] > git rev-parse --show-toplevel [0ms]
2023-08-20 21:58:45.375 [info] fatal: not a git repository (or any parent up to mount point /)
Stopping at filesystem boundary (GIT_DISCOVERY_ACROSS_FILESYSTEM not set).
2023-08-20 21:58:45.381 [info] > git rev-parse --show-toplevel [0ms]
2023-08-20 21:58:45.381 [info] fatal: not a git repository (or any parent up to mount point /)
Stopping at filesystem boundary (GIT_DISCOVERY_ACROSS_FILESYSTEM not set).
2023-08-20 21:58:45.386 [info] > git rev-parse --show-toplevel [1ms]
2023-08-20 21:58:45.386 [info] fatal: not a git repository (or any parent up to mount point /)
Stopping at filesystem boundary (GIT_DISCOVERY_ACROSS_FILESYSTEM not set).
2023-08-20 21:58:45.391 [info] > git rev-parse --show-toplevel [0ms]
2023-08-20 21:58:45.391 [info] fatal: not a git repository (or any parent up to mount point /)
Stopping at filesystem boundary (GIT_DISCOVERY_ACROSS_FILESYSTEM not set).
2023-08-20 21:58:45.395 [info] > git rev-parse --show-toplevel [1ms]
2023-08-20 21:58:45.395 [info] fatal: not a git repository (or any parent up to mount point /)
Stopping at filesystem boundary (GIT_DISCOVERY_ACROSS_FILESYSTEM not set).
2023-08-20 21:58:45.402 [info] > git rev-parse --show-toplevel [2ms]
2023-08-20 21:58:45.402 [info] fatal: not a git repository (or any parent up to mount point /)
Stopping at filesystem boundary (GIT_DISCOVERY_ACROSS_FILESYSTEM not set).
2023-08-20 21:58:45.410 [info] > git rev-parse --show-toplevel [2ms]
2023-08-20 21:58:45.410 [info] fatal: not a git repository (or any parent up to mount point /)
Stopping at filesystem boundary (GIT_DISCOVERY_ACROSS_FILESYSTEM not set).
2023-08-20 21:58:50.765 [info] > git rev-parse --show-toplevel [2ms]
2023-08-20 21:58:50.765 [info] fatal: not a git repository (or any parent up to mount point /)
Stopping at filesystem boundary (GIT_DISCOVERY_ACROSS_FILESYSTEM not set).
