2023-08-18 10:26:04.634 [info] Log level: Info
2023-08-18 10:26:04.634 [info] Validating found git in: "git"
2023-08-18 10:26:04.634 [info] Using git "2.41.0" from "git"
2023-08-18 10:26:04.634 [info] > git rev-parse --show-toplevel [3ms]
2023-08-18 10:26:04.634 [info] fatal: not a git repository (or any parent up to mount point /)
Stopping at filesystem boundary (GIT_DISCOVERY_ACROSS_FILESYSTEM not set).
2023-08-18 10:26:04.634 [info] > git rev-parse --show-toplevel [1ms]
2023-08-18 10:26:04.634 [info] fatal: not a git repository (or any parent up to mount point /)
Stopping at filesystem boundary (GIT_DISCOVERY_ACROSS_FILESYSTEM not set).
2023-08-18 10:26:04.640 [info] > git rev-parse --show-toplevel [0ms]
2023-08-18 10:26:04.641 [info] fatal: not a git repository (or any parent up to mount point /)
Stopping at filesystem boundary (GIT_DISCOVERY_ACROSS_FILESYSTEM not set).
2023-08-18 10:26:04.648 [info] > git rev-parse --show-toplevel [1ms]
2023-08-18 10:26:04.648 [info] fatal: not a git repository (or any parent up to mount point /)
Stopping at filesystem boundary (GIT_DISCOVERY_ACROSS_FILESYSTEM not set).
2023-08-18 10:26:04.654 [info] > git rev-parse --show-toplevel [1ms]
2023-08-18 10:26:04.654 [info] fatal: not a git repository (or any parent up to mount point /)
Stopping at filesystem boundary (GIT_DISCOVERY_ACROSS_FILESYSTEM not set).
2023-08-18 10:26:04.663 [info] > git rev-parse --show-toplevel [3ms]
2023-08-18 10:26:04.663 [info] fatal: not a git repository (or any parent up to mount point /)
Stopping at filesystem boundary (GIT_DISCOVERY_ACROSS_FILESYSTEM not set).
2023-08-18 10:26:04.671 [info] > git rev-parse --show-toplevel [3ms]
2023-08-18 10:26:04.671 [info] fatal: not a git repository (or any parent up to mount point /)
Stopping at filesystem boundary (GIT_DISCOVERY_ACROSS_FILESYSTEM not set).
2023-08-18 10:26:04.723 [info] > git rev-parse --show-toplevel [48ms]
2023-08-18 10:26:04.723 [info] fatal: not a git repository (or any parent up to mount point /)
Stopping at filesystem boundary (GIT_DISCOVERY_ACROSS_FILESYSTEM not set).
2023-08-18 10:26:04.738 [info] > git rev-parse --show-toplevel [1ms]
2023-08-18 10:26:04.738 [info] fatal: not a git repository (or any parent up to mount point /)
Stopping at filesystem boundary (GIT_DISCOVERY_ACROSS_FILESYSTEM not set).
2023-08-18 10:26:04.745 [info] > git rev-parse --show-toplevel [3ms]
2023-08-18 10:26:04.745 [info] fatal: not a git repository (or any parent up to mount point /)
Stopping at filesystem boundary (GIT_DISCOVERY_ACROSS_FILESYSTEM not set).
2023-08-18 10:26:04.753 [info] > git rev-parse --show-toplevel [1ms]
2023-08-18 10:26:04.753 [info] fatal: not a git repository (or any parent up to mount point /)
Stopping at filesystem boundary (GIT_DISCOVERY_ACROSS_FILESYSTEM not set).
2023-08-18 10:26:04.759 [info] > git rev-parse --show-toplevel [2ms]
2023-08-18 10:26:04.759 [info] fatal: not a git repository (or any parent up to mount point /)
Stopping at filesystem boundary (GIT_DISCOVERY_ACROSS_FILESYSTEM not set).
2023-08-18 10:26:04.765 [info] > git rev-parse --show-toplevel [1ms]
2023-08-18 10:26:04.765 [info] fatal: not a git repository (or any parent up to mount point /)
Stopping at filesystem boundary (GIT_DISCOVERY_ACROSS_FILESYSTEM not set).
2023-08-18 10:26:04.773 [info] > git rev-parse --show-toplevel [1ms]
2023-08-18 10:26:04.773 [info] fatal: not a git repository (or any parent up to mount point /)
Stopping at filesystem boundary (GIT_DISCOVERY_ACROSS_FILESYSTEM not set).
2023-08-18 10:26:04.781 [info] > git rev-parse --show-toplevel [2ms]
2023-08-18 10:26:04.781 [info] fatal: not a git repository (or any parent up to mount point /)
Stopping at filesystem boundary (GIT_DISCOVERY_ACROSS_FILESYSTEM not set).
2023-08-18 10:26:04.787 [info] > git rev-parse --show-toplevel [1ms]
2023-08-18 10:26:04.787 [info] fatal: not a git repository (or any parent up to mount point /)
Stopping at filesystem boundary (GIT_DISCOVERY_ACROSS_FILESYSTEM not set).
2023-08-18 10:26:04.793 [info] > git rev-parse --show-toplevel [2ms]
2023-08-18 10:26:04.793 [info] fatal: not a git repository (or any parent up to mount point /)
Stopping at filesystem boundary (GIT_DISCOVERY_ACROSS_FILESYSTEM not set).
2023-08-18 10:26:04.801 [info] > git rev-parse --show-toplevel [1ms]
2023-08-18 10:26:04.801 [info] fatal: not a git repository (or any parent up to mount point /)
Stopping at filesystem boundary (GIT_DISCOVERY_ACROSS_FILESYSTEM not set).
2023-08-18 10:26:04.806 [info] > git rev-parse --show-toplevel [1ms]
2023-08-18 10:26:04.806 [info] fatal: not a git repository (or any parent up to mount point /)
Stopping at filesystem boundary (GIT_DISCOVERY_ACROSS_FILESYSTEM not set).
2023-08-18 10:26:04.812 [info] > git rev-parse --show-toplevel [2ms]
2023-08-18 10:26:04.812 [info] fatal: not a git repository (or any parent up to mount point /)
Stopping at filesystem boundary (GIT_DISCOVERY_ACROSS_FILESYSTEM not set).
2023-08-18 10:26:04.825 [info] > git rev-parse --show-toplevel [8ms]
2023-08-18 10:26:04.825 [info] fatal: not a git repository (or any parent up to mount point /)
Stopping at filesystem boundary (GIT_DISCOVERY_ACROSS_FILESYSTEM not set).
2023-08-18 10:26:04.830 [info] > git rev-parse --show-toplevel [1ms]
2023-08-18 10:26:04.830 [info] fatal: not a git repository (or any parent up to mount point /)
Stopping at filesystem boundary (GIT_DISCOVERY_ACROSS_FILESYSTEM not set).
2023-08-18 10:26:04.835 [info] > git rev-parse --show-toplevel [1ms]
2023-08-18 10:26:04.835 [info] fatal: not a git repository (or any parent up to mount point /)
Stopping at filesystem boundary (GIT_DISCOVERY_ACROSS_FILESYSTEM not set).
2023-08-18 10:26:04.841 [info] > git rev-parse --show-toplevel [1ms]
2023-08-18 10:26:04.841 [info] fatal: not a git repository (or any parent up to mount point /)
Stopping at filesystem boundary (GIT_DISCOVERY_ACROSS_FILESYSTEM not set).
2023-08-18 10:26:04.848 [info] > git rev-parse --show-toplevel [2ms]
2023-08-18 10:26:04.848 [info] fatal: not a git repository (or any parent up to mount point /)
Stopping at filesystem boundary (GIT_DISCOVERY_ACROSS_FILESYSTEM not set).
2023-08-18 10:26:04.861 [info] > git rev-parse --show-toplevel [3ms]
2023-08-18 10:26:04.861 [info] fatal: not a git repository (or any parent up to mount point /)
Stopping at filesystem boundary (GIT_DISCOVERY_ACROSS_FILESYSTEM not set).
2023-08-18 10:26:04.873 [info] > git rev-parse --show-toplevel [1ms]
2023-08-18 10:26:04.873 [info] fatal: not a git repository (or any parent up to mount point /)
Stopping at filesystem boundary (GIT_DISCOVERY_ACROSS_FILESYSTEM not set).
2023-08-18 10:26:04.896 [info] > git rev-parse --show-toplevel [8ms]
2023-08-18 10:26:04.896 [info] fatal: not a git repository (or any parent up to mount point /)
Stopping at filesystem boundary (GIT_DISCOVERY_ACROSS_FILESYSTEM not set).
2023-08-18 10:26:04.903 [info] > git rev-parse --show-toplevel [1ms]
2023-08-18 10:26:04.903 [info] fatal: not a git repository (or any parent up to mount point /)
Stopping at filesystem boundary (GIT_DISCOVERY_ACROSS_FILESYSTEM not set).
2023-08-18 10:26:04.911 [info] > git rev-parse --show-toplevel [1ms]
2023-08-18 10:26:04.911 [info] fatal: not a git repository (or any parent up to mount point /)
Stopping at filesystem boundary (GIT_DISCOVERY_ACROSS_FILESYSTEM not set).
2023-08-18 10:26:04.921 [info] > git rev-parse --show-toplevel [0ms]
2023-08-18 10:26:04.921 [info] fatal: not a git repository (or any parent up to mount point /)
Stopping at filesystem boundary (GIT_DISCOVERY_ACROSS_FILESYSTEM not set).
2023-08-18 10:26:04.929 [info] > git rev-parse --show-toplevel [4ms]
2023-08-18 10:26:04.929 [info] fatal: not a git repository (or any parent up to mount point /)
Stopping at filesystem boundary (GIT_DISCOVERY_ACROSS_FILESYSTEM not set).
2023-08-18 10:26:04.937 [info] > git rev-parse --show-toplevel [1ms]
2023-08-18 10:26:04.937 [info] fatal: not a git repository (or any parent up to mount point /)
Stopping at filesystem boundary (GIT_DISCOVERY_ACROSS_FILESYSTEM not set).
2023-08-18 10:26:04.942 [info] > git rev-parse --show-toplevel [1ms]
2023-08-18 10:26:04.942 [info] fatal: not a git repository (or any parent up to mount point /)
Stopping at filesystem boundary (GIT_DISCOVERY_ACROSS_FILESYSTEM not set).
2023-08-18 10:26:04.947 [info] > git rev-parse --show-toplevel [1ms]
2023-08-18 10:26:04.947 [info] fatal: not a git repository (or any parent up to mount point /)
Stopping at filesystem boundary (GIT_DISCOVERY_ACROSS_FILESYSTEM not set).
2023-08-18 10:26:04.953 [info] > git rev-parse --show-toplevel [0ms]
2023-08-18 10:26:04.953 [info] fatal: not a git repository (or any parent up to mount point /)
Stopping at filesystem boundary (GIT_DISCOVERY_ACROSS_FILESYSTEM not set).
2023-08-18 10:26:04.958 [info] > git rev-parse --show-toplevel [2ms]
2023-08-18 10:26:04.958 [info] fatal: not a git repository (or any parent up to mount point /)
Stopping at filesystem boundary (GIT_DISCOVERY_ACROSS_FILESYSTEM not set).
2023-08-18 10:26:04.965 [info] > git rev-parse --show-toplevel [1ms]
2023-08-18 10:26:04.965 [info] fatal: not a git repository (or any parent up to mount point /)
Stopping at filesystem boundary (GIT_DISCOVERY_ACROSS_FILESYSTEM not set).
2023-08-18 10:26:04.971 [info] > git rev-parse --show-toplevel [1ms]
2023-08-18 10:26:04.971 [info] fatal: not a git repository (or any parent up to mount point /)
Stopping at filesystem boundary (GIT_DISCOVERY_ACROSS_FILESYSTEM not set).
2023-08-18 10:26:04.977 [info] > git rev-parse --show-toplevel [2ms]
2023-08-18 10:26:04.978 [info] fatal: not a git repository (or any parent up to mount point /)
Stopping at filesystem boundary (GIT_DISCOVERY_ACROSS_FILESYSTEM not set).
2023-08-18 10:26:04.984 [info] > git rev-parse --show-toplevel [1ms]
2023-08-18 10:26:04.984 [info] fatal: not a git repository (or any parent up to mount point /)
Stopping at filesystem boundary (GIT_DISCOVERY_ACROSS_FILESYSTEM not set).
2023-08-18 10:26:04.989 [info] > git rev-parse --show-toplevel [1ms]
2023-08-18 10:26:04.989 [info] fatal: not a git repository (or any parent up to mount point /)
Stopping at filesystem boundary (GIT_DISCOVERY_ACROSS_FILESYSTEM not set).
2023-08-18 10:26:04.995 [info] > git rev-parse --show-toplevel [1ms]
2023-08-18 10:26:04.995 [info] fatal: not a git repository (or any parent up to mount point /)
Stopping at filesystem boundary (GIT_DISCOVERY_ACROSS_FILESYSTEM not set).
2023-08-18 10:26:05.001 [info] > git rev-parse --show-toplevel [1ms]
2023-08-18 10:26:05.001 [info] fatal: not a git repository (or any parent up to mount point /)
Stopping at filesystem boundary (GIT_DISCOVERY_ACROSS_FILESYSTEM not set).
2023-08-18 10:26:05.005 [info] > git rev-parse --show-toplevel [1ms]
2023-08-18 10:26:05.005 [info] fatal: not a git repository (or any parent up to mount point /)
Stopping at filesystem boundary (GIT_DISCOVERY_ACROSS_FILESYSTEM not set).
2023-08-18 10:26:05.012 [info] > git rev-parse --show-toplevel [2ms]
2023-08-18 10:26:05.012 [info] fatal: not a git repository (or any parent up to mount point /)
Stopping at filesystem boundary (GIT_DISCOVERY_ACROSS_FILESYSTEM not set).
2023-08-18 10:26:05.018 [info] > git rev-parse --show-toplevel [1ms]
2023-08-18 10:26:05.018 [info] fatal: not a git repository (or any parent up to mount point /)
Stopping at filesystem boundary (GIT_DISCOVERY_ACROSS_FILESYSTEM not set).
2023-08-18 10:26:05.023 [info] > git rev-parse --show-toplevel [1ms]
2023-08-18 10:26:05.023 [info] fatal: not a git repository (or any parent up to mount point /)
Stopping at filesystem boundary (GIT_DISCOVERY_ACROSS_FILESYSTEM not set).
2023-08-18 10:26:05.032 [info] > git rev-parse --show-toplevel [4ms]
2023-08-18 10:26:05.032 [info] fatal: not a git repository (or any parent up to mount point /)
Stopping at filesystem boundary (GIT_DISCOVERY_ACROSS_FILESYSTEM not set).
2023-08-18 10:26:05.042 [info] > git rev-parse --show-toplevel [3ms]
2023-08-18 10:26:05.042 [info] fatal: not a git repository (or any parent up to mount point /)
Stopping at filesystem boundary (GIT_DISCOVERY_ACROSS_FILESYSTEM not set).
2023-08-18 10:26:05.050 [info] > git rev-parse --show-toplevel [2ms]
2023-08-18 10:26:05.050 [info] fatal: not a git repository (or any parent up to mount point /)
Stopping at filesystem boundary (GIT_DISCOVERY_ACROSS_FILESYSTEM not set).
2023-08-18 10:26:05.058 [info] > git rev-parse --show-toplevel [2ms]
2023-08-18 10:26:05.058 [info] fatal: not a git repository (or any parent up to mount point /)
Stopping at filesystem boundary (GIT_DISCOVERY_ACROSS_FILESYSTEM not set).
2023-08-18 10:26:05.065 [info] > git rev-parse --show-toplevel [2ms]
2023-08-18 10:26:05.066 [info] fatal: not a git repository (or any parent up to mount point /)
Stopping at filesystem boundary (GIT_DISCOVERY_ACROSS_FILESYSTEM not set).
2023-08-18 10:26:05.075 [info] > git rev-parse --show-toplevel [2ms]
2023-08-18 10:26:05.075 [info] fatal: not a git repository (or any parent up to mount point /)
Stopping at filesystem boundary (GIT_DISCOVERY_ACROSS_FILESYSTEM not set).
2023-08-18 10:26:05.082 [info] > git rev-parse --show-toplevel [2ms]
2023-08-18 10:26:05.082 [info] fatal: not a git repository (or any parent up to mount point /)
Stopping at filesystem boundary (GIT_DISCOVERY_ACROSS_FILESYSTEM not set).
2023-08-18 10:26:05.090 [info] > git rev-parse --show-toplevel [3ms]
2023-08-18 10:26:05.090 [info] fatal: not a git repository (or any parent up to mount point /)
Stopping at filesystem boundary (GIT_DISCOVERY_ACROSS_FILESYSTEM not set).
2023-08-18 10:26:05.097 [info] > git rev-parse --show-toplevel [1ms]
2023-08-18 10:26:05.097 [info] fatal: not a git repository (or any parent up to mount point /)
Stopping at filesystem boundary (GIT_DISCOVERY_ACROSS_FILESYSTEM not set).
2023-08-18 10:26:05.104 [info] > git rev-parse --show-toplevel [1ms]
2023-08-18 10:26:05.104 [info] fatal: not a git repository (or any parent up to mount point /)
Stopping at filesystem boundary (GIT_DISCOVERY_ACROSS_FILESYSTEM not set).
2023-08-18 10:26:05.111 [info] > git rev-parse --show-toplevel [2ms]
2023-08-18 10:26:05.111 [info] fatal: not a git repository (or any parent up to mount point /)
Stopping at filesystem boundary (GIT_DISCOVERY_ACROSS_FILESYSTEM not set).
2023-08-18 10:26:05.128 [info] > git rev-parse --show-toplevel [3ms]
2023-08-18 10:26:05.128 [info] fatal: not a git repository (or any parent up to mount point /)
Stopping at filesystem boundary (GIT_DISCOVERY_ACROSS_FILESYSTEM not set).
2023-08-18 10:26:05.141 [info] > git rev-parse --show-toplevel [2ms]
2023-08-18 10:26:05.141 [info] fatal: not a git repository (or any parent up to mount point /)
Stopping at filesystem boundary (GIT_DISCOVERY_ACROSS_FILESYSTEM not set).
2023-08-18 10:26:05.148 [info] > git rev-parse --show-toplevel [2ms]
2023-08-18 10:26:05.148 [info] fatal: not a git repository (or any parent up to mount point /)
Stopping at filesystem boundary (GIT_DISCOVERY_ACROSS_FILESYSTEM not set).
2023-08-18 10:26:05.156 [info] > git rev-parse --show-toplevel [2ms]
2023-08-18 10:26:05.156 [info] fatal: not a git repository (or any parent up to mount point /)
Stopping at filesystem boundary (GIT_DISCOVERY_ACROSS_FILESYSTEM not set).
2023-08-18 10:26:05.167 [info] > git rev-parse --show-toplevel [2ms]
2023-08-18 10:26:05.167 [info] fatal: not a git repository (or any parent up to mount point /)
Stopping at filesystem boundary (GIT_DISCOVERY_ACROSS_FILESYSTEM not set).
2023-08-18 10:26:05.187 [info] > git rev-parse --show-toplevel [13ms]
2023-08-18 10:26:05.187 [info] fatal: not a git repository (or any parent up to mount point /)
Stopping at filesystem boundary (GIT_DISCOVERY_ACROSS_FILESYSTEM not set).
2023-08-18 10:26:05.196 [info] > git rev-parse --show-toplevel [1ms]
2023-08-18 10:26:05.196 [info] fatal: not a git repository (or any parent up to mount point /)
Stopping at filesystem boundary (GIT_DISCOVERY_ACROSS_FILESYSTEM not set).
2023-08-18 10:26:05.203 [info] > git rev-parse --show-toplevel [1ms]
2023-08-18 10:26:05.203 [info] fatal: not a git repository (or any parent up to mount point /)
Stopping at filesystem boundary (GIT_DISCOVERY_ACROSS_FILESYSTEM not set).
2023-08-18 10:26:05.208 [info] > git rev-parse --show-toplevel [1ms]
2023-08-18 10:26:05.208 [info] fatal: not a git repository (or any parent up to mount point /)
Stopping at filesystem boundary (GIT_DISCOVERY_ACROSS_FILESYSTEM not set).
2023-08-18 10:26:05.214 [info] > git rev-parse --show-toplevel [1ms]
2023-08-18 10:26:05.214 [info] fatal: not a git repository (or any parent up to mount point /)
Stopping at filesystem boundary (GIT_DISCOVERY_ACROSS_FILESYSTEM not set).
2023-08-18 10:26:05.218 [info] > git rev-parse --show-toplevel [0ms]
2023-08-18 10:26:05.218 [info] fatal: not a git repository (or any parent up to mount point /)
Stopping at filesystem boundary (GIT_DISCOVERY_ACROSS_FILESYSTEM not set).
2023-08-18 10:26:05.223 [info] > git rev-parse --show-toplevel [1ms]
2023-08-18 10:26:05.223 [info] fatal: not a git repository (or any parent up to mount point /)
Stopping at filesystem boundary (GIT_DISCOVERY_ACROSS_FILESYSTEM not set).
2023-08-18 10:26:05.229 [info] > git rev-parse --show-toplevel [1ms]
2023-08-18 10:26:05.229 [info] fatal: not a git repository (or any parent up to mount point /)
Stopping at filesystem boundary (GIT_DISCOVERY_ACROSS_FILESYSTEM not set).
2023-08-18 10:26:05.235 [info] > git rev-parse --show-toplevel [2ms]
2023-08-18 10:26:05.235 [info] fatal: not a git repository (or any parent up to mount point /)
Stopping at filesystem boundary (GIT_DISCOVERY_ACROSS_FILESYSTEM not set).
2023-08-18 10:26:05.242 [info] > git rev-parse --show-toplevel [2ms]
2023-08-18 10:26:05.242 [info] fatal: not a git repository (or any parent up to mount point /)
Stopping at filesystem boundary (GIT_DISCOVERY_ACROSS_FILESYSTEM not set).
2023-08-18 10:26:05.250 [info] > git rev-parse --show-toplevel [2ms]
2023-08-18 10:26:05.250 [info] fatal: not a git repository (or any parent up to mount point /)
Stopping at filesystem boundary (GIT_DISCOVERY_ACROSS_FILESYSTEM not set).
2023-08-18 10:26:05.256 [info] > git rev-parse --show-toplevel [2ms]
2023-08-18 10:26:05.256 [info] fatal: not a git repository (or any parent up to mount point /)
Stopping at filesystem boundary (GIT_DISCOVERY_ACROSS_FILESYSTEM not set).
2023-08-18 10:26:05.263 [info] > git rev-parse --show-toplevel [1ms]
2023-08-18 10:26:05.263 [info] fatal: not a git repository (or any parent up to mount point /)
Stopping at filesystem boundary (GIT_DISCOVERY_ACROSS_FILESYSTEM not set).
2023-08-18 10:26:05.269 [info] > git rev-parse --show-toplevel [0ms]
2023-08-18 10:26:05.270 [info] fatal: not a git repository (or any parent up to mount point /)
Stopping at filesystem boundary (GIT_DISCOVERY_ACROSS_FILESYSTEM not set).
2023-08-18 10:26:05.274 [info] > git rev-parse --show-toplevel [1ms]
2023-08-18 10:26:05.274 [info] fatal: not a git repository (or any parent up to mount point /)
Stopping at filesystem boundary (GIT_DISCOVERY_ACROSS_FILESYSTEM not set).
2023-08-18 10:26:05.280 [info] > git rev-parse --show-toplevel [1ms]
2023-08-18 10:26:05.280 [info] fatal: not a git repository (or any parent up to mount point /)
Stopping at filesystem boundary (GIT_DISCOVERY_ACROSS_FILESYSTEM not set).
2023-08-18 10:26:05.285 [info] > git rev-parse --show-toplevel [1ms]
2023-08-18 10:26:05.285 [info] fatal: not a git repository (or any parent up to mount point /)
Stopping at filesystem boundary (GIT_DISCOVERY_ACROSS_FILESYSTEM not set).
2023-08-18 10:26:05.293 [info] > git rev-parse --show-toplevel [1ms]
2023-08-18 10:26:05.293 [info] fatal: not a git repository (or any parent up to mount point /)
Stopping at filesystem boundary (GIT_DISCOVERY_ACROSS_FILESYSTEM not set).
2023-08-18 10:26:05.300 [info] > git rev-parse --show-toplevel [0ms]
2023-08-18 10:26:05.300 [info] fatal: not a git repository (or any parent up to mount point /)
Stopping at filesystem boundary (GIT_DISCOVERY_ACROSS_FILESYSTEM not set).
2023-08-18 10:26:05.305 [info] > git rev-parse --show-toplevel [1ms]
2023-08-18 10:26:05.305 [info] fatal: not a git repository (or any parent up to mount point /)
Stopping at filesystem boundary (GIT_DISCOVERY_ACROSS_FILESYSTEM not set).
2023-08-18 10:26:05.312 [info] > git rev-parse --show-toplevel [2ms]
2023-08-18 10:26:05.312 [info] fatal: not a git repository (or any parent up to mount point /)
Stopping at filesystem boundary (GIT_DISCOVERY_ACROSS_FILESYSTEM not set).
2023-08-18 10:26:05.320 [info] > git rev-parse --show-toplevel [1ms]
2023-08-18 10:26:05.320 [info] fatal: not a git repository (or any parent up to mount point /)
Stopping at filesystem boundary (GIT_DISCOVERY_ACROSS_FILESYSTEM not set).
2023-08-18 10:26:05.325 [info] > git rev-parse --show-toplevel [1ms]
2023-08-18 10:26:05.325 [info] fatal: not a git repository (or any parent up to mount point /)
Stopping at filesystem boundary (GIT_DISCOVERY_ACROSS_FILESYSTEM not set).
2023-08-18 10:26:05.331 [info] > git rev-parse --show-toplevel [1ms]
2023-08-18 10:26:05.331 [info] fatal: not a git repository (or any parent up to mount point /)
Stopping at filesystem boundary (GIT_DISCOVERY_ACROSS_FILESYSTEM not set).
2023-08-18 10:26:05.336 [info] > git rev-parse --show-toplevel [0ms]
2023-08-18 10:26:05.337 [info] fatal: not a git repository (or any parent up to mount point /)
Stopping at filesystem boundary (GIT_DISCOVERY_ACROSS_FILESYSTEM not set).
2023-08-18 10:26:05.341 [info] > git rev-parse --show-toplevel [1ms]
2023-08-18 10:26:05.341 [info] fatal: not a git repository (or any parent up to mount point /)
Stopping at filesystem boundary (GIT_DISCOVERY_ACROSS_FILESYSTEM not set).
2023-08-18 10:26:05.348 [info] > git rev-parse --show-toplevel [1ms]
2023-08-18 10:26:05.348 [info] fatal: not a git repository (or any parent up to mount point /)
Stopping at filesystem boundary (GIT_DISCOVERY_ACROSS_FILESYSTEM not set).
2023-08-18 10:26:05.354 [info] > git rev-parse --show-toplevel [0ms]
2023-08-18 10:26:05.354 [info] fatal: not a git repository (or any parent up to mount point /)
Stopping at filesystem boundary (GIT_DISCOVERY_ACROSS_FILESYSTEM not set).
2023-08-18 10:26:05.358 [info] > git rev-parse --show-toplevel [1ms]
2023-08-18 10:26:05.358 [info] fatal: not a git repository (or any parent up to mount point /)
Stopping at filesystem boundary (GIT_DISCOVERY_ACROSS_FILESYSTEM not set).
2023-08-18 10:26:09.403 [info] > git rev-parse --show-toplevel [1ms]
2023-08-18 10:26:09.403 [info] fatal: not a git repository (or any parent up to mount point /)
Stopping at filesystem boundary (GIT_DISCOVERY_ACROSS_FILESYSTEM not set).
2023-08-18 10:27:44.257 [info] > git rev-parse --show-toplevel [4ms]
2023-08-18 10:27:44.257 [info] fatal: not a git repository (or any parent up to mount point /)
Stopping at filesystem boundary (GIT_DISCOVERY_ACROSS_FILESYSTEM not set).
2023-08-18 10:28:15.100 [info] > git rev-parse --show-toplevel [1ms]
2023-08-18 10:28:15.100 [info] fatal: not a git repository (or any parent up to mount point /)
Stopping at filesystem boundary (GIT_DISCOVERY_ACROSS_FILESYSTEM not set).
2023-08-18 10:28:16.563 [info] > git rev-parse --show-toplevel [1ms]
2023-08-18 10:28:16.563 [info] fatal: not a git repository (or any parent up to mount point /)
Stopping at filesystem boundary (GIT_DISCOVERY_ACROSS_FILESYSTEM not set).
2023-08-18 10:34:59.472 [info] > git rev-parse --show-toplevel [1ms]
2023-08-18 10:34:59.472 [info] fatal: not a git repository (or any parent up to mount point /)
Stopping at filesystem boundary (GIT_DISCOVERY_ACROSS_FILESYSTEM not set).
2023-08-18 10:36:59.794 [info] > git rev-parse --show-toplevel [1ms]
2023-08-18 10:36:59.794 [info] fatal: not a git repository (or any parent up to mount point /)
Stopping at filesystem boundary (GIT_DISCOVERY_ACROSS_FILESYSTEM not set).
2023-08-18 11:35:20.588 [info] > git rev-parse --show-toplevel [2ms]
2023-08-18 11:35:20.588 [info] fatal: not a git repository (or any parent up to mount point /)
Stopping at filesystem boundary (GIT_DISCOVERY_ACROSS_FILESYSTEM not set).
2023-08-18 16:47:01.492 [info] > git rev-parse --show-toplevel [3ms]
2023-08-18 16:47:01.492 [info] fatal: not a git repository (or any parent up to mount point /)
Stopping at filesystem boundary (GIT_DISCOVERY_ACROSS_FILESYSTEM not set).
2023-08-18 16:47:28.103 [info] > git rev-parse --show-toplevel [1ms]
2023-08-18 16:47:28.103 [info] fatal: not a git repository (or any parent up to mount point /)
Stopping at filesystem boundary (GIT_DISCOVERY_ACROSS_FILESYSTEM not set).
2023-08-18 17:09:34.626 [info] > git rev-parse --show-toplevel [2ms]
2023-08-18 17:09:34.626 [info] fatal: not a git repository (or any parent up to mount point /)
Stopping at filesystem boundary (GIT_DISCOVERY_ACROSS_FILESYSTEM not set).
2023-08-18 17:13:58.057 [info] > git rev-parse --show-toplevel [2ms]
2023-08-18 17:13:58.057 [info] fatal: not a git repository (or any parent up to mount point /)
Stopping at filesystem boundary (GIT_DISCOVERY_ACROSS_FILESYSTEM not set).
2023-08-18 17:19:35.286 [info] > git rev-parse --show-toplevel [2ms]
2023-08-18 17:19:35.286 [info] fatal: not a git repository (or any parent up to mount point /)
Stopping at filesystem boundary (GIT_DISCOVERY_ACROSS_FILESYSTEM not set).
2023-08-18 17:22:22.668 [info] > git rev-parse --show-toplevel [1ms]
2023-08-18 17:22:22.668 [info] fatal: not a git repository (or any parent up to mount point /)
Stopping at filesystem boundary (GIT_DISCOVERY_ACROSS_FILESYSTEM not set).
2023-08-18 17:22:23.551 [info] > git rev-parse --show-toplevel [2ms]
2023-08-18 17:22:23.551 [info] fatal: not a git repository (or any parent up to mount point /)
Stopping at filesystem boundary (GIT_DISCOVERY_ACROSS_FILESYSTEM not set).
2023-08-18 17:22:24.285 [info] > git rev-parse --show-toplevel [1ms]
2023-08-18 17:22:24.285 [info] fatal: not a git repository (or any parent up to mount point /)
Stopping at filesystem boundary (GIT_DISCOVERY_ACROSS_FILESYSTEM not set).
2023-08-18 17:22:25.568 [info] > git rev-parse --show-toplevel [3ms]
2023-08-18 17:22:25.568 [info] fatal: not a git repository (or any parent up to mount point /)
Stopping at filesystem boundary (GIT_DISCOVERY_ACROSS_FILESYSTEM not set).
2023-08-18 17:22:41.688 [info] > git rev-parse --show-toplevel [3ms]
2023-08-18 17:22:41.688 [info] fatal: not a git repository (or any parent up to mount point /)
Stopping at filesystem boundary (GIT_DISCOVERY_ACROSS_FILESYSTEM not set).
