2023-08-20 21:58:26.252 [info] Extension host with pid 90908 started
2023-08-20 21:58:26.465 [info] ExtensionService#_doActivateExtension vscode.emmet, startup: false, activationEvent: 'onLanguage'
2023-08-20 21:58:26.576 [info] ExtensionService#_doActivateExtension vscode.git-base, startup: true, activationEvent: '*', root cause: vscode.git
2023-08-20 21:58:26.583 [info] ExtensionService#_doActivateExtension vscode.git, startup: true, activationEvent: '*'
2023-08-20 21:58:26.609 [info] ExtensionService#_doActivateExtension vscode.github, startup: true, activationEvent: '*'
2023-08-20 21:58:26.667 [info] Eager extensions activated
2023-08-20 21:58:26.732 [info] ExtensionService#_doActivateExtension vscode.debug-auto-launch, startup: false, activationEvent: 'onStartupFinished'
2023-08-20 21:58:26.736 [info] ExtensionService#_doActivateExtension vscode.merge-conflict, startup: false, activationEvent: 'onStartupFinished'
2023-08-20 21:58:26.745 [info] ExtensionService#_doActivateExtension shalldie.background, startup: false, activationEvent: 'onStartupFinished'
2023-08-20 21:58:43.410 [info] Extension host terminating: renderer closed the MessagePort
2023-08-20 21:58:43.416 [info] Extension host with pid 90908 exiting with code 0
2023-08-20 21:58:44.432 [info] Extension host with pid 91333 started
2023-08-20 21:58:44.432 [info] Skipping acquiring lock for /home/pratyush/.config/VSCodium/User/workspaceStorage/9268c9f0754dacdaf8192fdd70680e59.
2023-08-20 21:58:44.500 [info] ExtensionService#_doActivateExtension vscode.git-base, startup: true, activationEvent: '*', root cause: vscode.git
2023-08-20 21:58:44.518 [info] ExtensionService#_doActivateExtension vscode.git, startup: true, activationEvent: '*'
2023-08-20 21:58:44.548 [info] ExtensionService#_doActivateExtension vscode.github, startup: true, activationEvent: '*'
2023-08-20 21:58:44.617 [info] Eager extensions activated
2023-08-20 21:58:44.643 [info] ExtensionService#_doActivateExtension vscode.debug-auto-launch, startup: false, activationEvent: 'onStartupFinished'
2023-08-20 21:58:44.645 [info] ExtensionService#_doActivateExtension vscode.merge-conflict, startup: false, activationEvent: 'onStartupFinished'
2023-08-20 21:58:44.654 [info] ExtensionService#_doActivateExtension shalldie.background, startup: false, activationEvent: 'onStartupFinished'
2023-08-20 21:58:50.812 [info] ExtensionService#_doActivateExtension vscode.emmet, startup: false, activationEvent: 'onLanguage'
2023-08-20 22:01:26.263 [info] Extension host terminating: renderer closed the MessagePort
2023-08-20 22:01:26.268 [info] Extension host with pid 91333 exiting with code 0
