2023-08-20 21:58:25.576 [info] Added views:workbench.panel.markers.view in workbench.panel.markers
2023-08-20 21:58:25.576 [info] Added views:workbench.panel.output in workbench.panel.output
2023-08-20 21:58:25.576 [info] Added views:terminal in terminal
2023-08-20 21:58:25.576 [info] Added views:outline in workbench.view.explorer
2023-08-20 21:58:25.576 [info] Added views:workbench.scm in workbench.view.scm
2023-08-20 21:58:25.576 [info] Added views:workbench.view.search in workbench.view.search
2023-08-20 21:58:25.576 [info] Added views:timeline in workbench.view.explorer
2023-08-20 21:58:25.576 [info] Added views:workbench.explorer.emptyView in workbench.view.explorer
2023-08-20 21:58:25.899 [info] Added views:workbench.debug.welcome in workbench.view.debug
2023-08-20 21:58:26.467 [info] Added views:workbench.panel.repl.view in workbench.panel.repl
2023-08-20 21:58:43.888 [info] Added views:workbench.panel.markers.view in workbench.panel.markers
2023-08-20 21:58:43.888 [info] Added views:workbench.panel.output in workbench.panel.output
2023-08-20 21:58:43.888 [info] Added views:terminal in terminal
2023-08-20 21:58:43.888 [info] Added views:outline in workbench.view.explorer
2023-08-20 21:58:43.888 [info] Added views:workbench.scm in workbench.view.scm
2023-08-20 21:58:43.888 [info] Added views:workbench.view.search in workbench.view.search
2023-08-20 21:58:43.888 [info] Added views:timeline in workbench.view.explorer
2023-08-20 21:58:43.888 [info] Added views:workbench.explorer.fileView in workbench.view.explorer
2023-08-20 21:58:44.424 [info] Added views:workbench.debug.welcome in workbench.view.debug
2023-08-20 21:58:44.498 [info] Added views:workbench.panel.repl.view in workbench.panel.repl
