2023-08-17 10:39:51.004 [info] Log level: Info
2023-08-17 10:39:51.004 [info] Validating found git in: "git"
2023-08-17 10:39:51.004 [info] Using git "2.41.0" from "git"
2023-08-17 10:39:51.004 [info] > git rev-parse --show-toplevel [4ms]
2023-08-17 10:39:51.004 [info] fatal: not a git repository (or any parent up to mount point /)
Stopping at filesystem boundary (GIT_DISCOVERY_ACROSS_FILESYSTEM not set).
2023-08-17 10:39:51.004 [info] > git rev-parse --show-toplevel [2ms]
2023-08-17 10:39:51.004 [info] fatal: not a git repository (or any parent up to mount point /)
Stopping at filesystem boundary (GIT_DISCOVERY_ACROSS_FILESYSTEM not set).
2023-08-17 10:39:51.005 [info] > git rev-parse --show-toplevel [2ms]
2023-08-17 10:39:51.005 [info] fatal: not a git repository (or any parent up to mount point /)
Stopping at filesystem boundary (GIT_DISCOVERY_ACROSS_FILESYSTEM not set).
2023-08-17 10:39:51.038 [info] > git rev-parse --show-toplevel [28ms]
2023-08-17 10:39:51.038 [info] fatal: not a git repository (or any parent up to mount point /)
Stopping at filesystem boundary (GIT_DISCOVERY_ACROSS_FILESYSTEM not set).
2023-08-17 10:39:51.050 [info] > git rev-parse --show-toplevel [2ms]
2023-08-17 10:39:51.050 [info] fatal: not a git repository (or any parent up to mount point /)
Stopping at filesystem boundary (GIT_DISCOVERY_ACROSS_FILESYSTEM not set).
2023-08-17 10:39:51.059 [info] > git rev-parse --show-toplevel [4ms]
2023-08-17 10:39:51.059 [info] fatal: not a git repository (or any parent up to mount point /)
Stopping at filesystem boundary (GIT_DISCOVERY_ACROSS_FILESYSTEM not set).
2023-08-17 10:39:51.066 [info] > git rev-parse --show-toplevel [1ms]
2023-08-17 10:39:51.066 [info] fatal: not a git repository (or any parent up to mount point /)
Stopping at filesystem boundary (GIT_DISCOVERY_ACROSS_FILESYSTEM not set).
2023-08-17 10:39:51.073 [info] > git rev-parse --show-toplevel [2ms]
2023-08-17 10:39:51.073 [info] fatal: not a git repository (or any parent up to mount point /)
Stopping at filesystem boundary (GIT_DISCOVERY_ACROSS_FILESYSTEM not set).
2023-08-17 10:39:51.080 [info] > git rev-parse --show-toplevel [1ms]
2023-08-17 10:39:51.080 [info] fatal: not a git repository (or any parent up to mount point /)
Stopping at filesystem boundary (GIT_DISCOVERY_ACROSS_FILESYSTEM not set).
2023-08-17 10:39:51.088 [info] > git rev-parse --show-toplevel [1ms]
2023-08-17 10:39:51.088 [info] fatal: not a git repository (or any parent up to mount point /)
Stopping at filesystem boundary (GIT_DISCOVERY_ACROSS_FILESYSTEM not set).
2023-08-17 10:39:51.097 [info] > git rev-parse --show-toplevel [2ms]
2023-08-17 10:39:51.097 [info] fatal: not a git repository (or any parent up to mount point /)
Stopping at filesystem boundary (GIT_DISCOVERY_ACROSS_FILESYSTEM not set).
2023-08-17 10:39:51.103 [info] > git rev-parse --show-toplevel [2ms]
2023-08-17 10:39:51.103 [info] fatal: not a git repository (or any parent up to mount point /)
Stopping at filesystem boundary (GIT_DISCOVERY_ACROSS_FILESYSTEM not set).
2023-08-17 10:39:51.110 [info] > git rev-parse --show-toplevel [1ms]
2023-08-17 10:39:51.110 [info] fatal: not a git repository (or any parent up to mount point /)
Stopping at filesystem boundary (GIT_DISCOVERY_ACROSS_FILESYSTEM not set).
2023-08-17 10:39:51.116 [info] > git rev-parse --show-toplevel [0ms]
2023-08-17 10:39:51.116 [info] fatal: not a git repository (or any parent up to mount point /)
Stopping at filesystem boundary (GIT_DISCOVERY_ACROSS_FILESYSTEM not set).
2023-08-17 10:39:51.123 [info] > git rev-parse --show-toplevel [2ms]
2023-08-17 10:39:51.123 [info] fatal: not a git repository (or any parent up to mount point /)
Stopping at filesystem boundary (GIT_DISCOVERY_ACROSS_FILESYSTEM not set).
2023-08-17 10:39:51.132 [info] > git rev-parse --show-toplevel [5ms]
2023-08-17 10:39:51.132 [info] fatal: not a git repository (or any parent up to mount point /)
Stopping at filesystem boundary (GIT_DISCOVERY_ACROSS_FILESYSTEM not set).
2023-08-17 10:39:51.138 [info] > git rev-parse --show-toplevel [0ms]
2023-08-17 10:39:51.138 [info] fatal: not a git repository (or any parent up to mount point /)
Stopping at filesystem boundary (GIT_DISCOVERY_ACROSS_FILESYSTEM not set).
2023-08-17 10:39:51.144 [info] > git rev-parse --show-toplevel [0ms]
2023-08-17 10:39:51.144 [info] fatal: not a git repository (or any parent up to mount point /)
Stopping at filesystem boundary (GIT_DISCOVERY_ACROSS_FILESYSTEM not set).
2023-08-17 10:39:51.149 [info] > git rev-parse --show-toplevel [0ms]
2023-08-17 10:39:51.149 [info] fatal: not a git repository (or any parent up to mount point /)
Stopping at filesystem boundary (GIT_DISCOVERY_ACROSS_FILESYSTEM not set).
2023-08-17 10:39:51.155 [info] > git rev-parse --show-toplevel [1ms]
2023-08-17 10:39:51.155 [info] fatal: not a git repository (or any parent up to mount point /)
Stopping at filesystem boundary (GIT_DISCOVERY_ACROSS_FILESYSTEM not set).
2023-08-17 10:39:51.161 [info] > git rev-parse --show-toplevel [1ms]
2023-08-17 10:39:51.161 [info] fatal: not a git repository (or any parent up to mount point /)
Stopping at filesystem boundary (GIT_DISCOVERY_ACROSS_FILESYSTEM not set).
2023-08-17 10:39:51.166 [info] > git rev-parse --show-toplevel [1ms]
2023-08-17 10:39:51.166 [info] fatal: not a git repository (or any parent up to mount point /)
Stopping at filesystem boundary (GIT_DISCOVERY_ACROSS_FILESYSTEM not set).
2023-08-17 10:39:51.172 [info] > git rev-parse --show-toplevel [1ms]
2023-08-17 10:39:51.172 [info] fatal: not a git repository (or any parent up to mount point /)
Stopping at filesystem boundary (GIT_DISCOVERY_ACROSS_FILESYSTEM not set).
2023-08-17 10:39:51.178 [info] > git rev-parse --show-toplevel [1ms]
2023-08-17 10:39:51.178 [info] fatal: not a git repository (or any parent up to mount point /)
Stopping at filesystem boundary (GIT_DISCOVERY_ACROSS_FILESYSTEM not set).
2023-08-17 10:39:51.183 [info] > git rev-parse --show-toplevel [0ms]
2023-08-17 10:39:51.183 [info] fatal: not a git repository (or any parent up to mount point /)
Stopping at filesystem boundary (GIT_DISCOVERY_ACROSS_FILESYSTEM not set).
2023-08-17 10:39:51.190 [info] > git rev-parse --show-toplevel [1ms]
2023-08-17 10:39:51.190 [info] fatal: not a git repository (or any parent up to mount point /)
Stopping at filesystem boundary (GIT_DISCOVERY_ACROSS_FILESYSTEM not set).
2023-08-17 10:39:51.202 [info] > git rev-parse --show-toplevel [6ms]
2023-08-17 10:39:51.202 [info] fatal: not a git repository (or any parent up to mount point /)
Stopping at filesystem boundary (GIT_DISCOVERY_ACROSS_FILESYSTEM not set).
2023-08-17 10:39:51.209 [info] > git rev-parse --show-toplevel [1ms]
2023-08-17 10:39:51.209 [info] fatal: not a git repository (or any parent up to mount point /)
Stopping at filesystem boundary (GIT_DISCOVERY_ACROSS_FILESYSTEM not set).
2023-08-17 10:39:51.216 [info] > git rev-parse --show-toplevel [1ms]
2023-08-17 10:39:51.216 [info] fatal: not a git repository (or any parent up to mount point /)
Stopping at filesystem boundary (GIT_DISCOVERY_ACROSS_FILESYSTEM not set).
2023-08-17 10:39:51.224 [info] > git rev-parse --show-toplevel [2ms]
2023-08-17 10:39:51.224 [info] fatal: not a git repository (or any parent up to mount point /)
Stopping at filesystem boundary (GIT_DISCOVERY_ACROSS_FILESYSTEM not set).
2023-08-17 10:39:51.233 [info] > git rev-parse --show-toplevel [3ms]
2023-08-17 10:39:51.233 [info] fatal: not a git repository (or any parent up to mount point /)
Stopping at filesystem boundary (GIT_DISCOVERY_ACROSS_FILESYSTEM not set).
2023-08-17 10:39:51.242 [info] > git rev-parse --show-toplevel [3ms]
2023-08-17 10:39:51.242 [info] fatal: not a git repository (or any parent up to mount point /)
Stopping at filesystem boundary (GIT_DISCOVERY_ACROSS_FILESYSTEM not set).
2023-08-17 10:39:51.250 [info] > git rev-parse --show-toplevel [2ms]
2023-08-17 10:39:51.250 [info] fatal: not a git repository (or any parent up to mount point /)
Stopping at filesystem boundary (GIT_DISCOVERY_ACROSS_FILESYSTEM not set).
2023-08-17 10:39:51.259 [info] > git rev-parse --show-toplevel [2ms]
2023-08-17 10:39:51.259 [info] fatal: not a git repository (or any parent up to mount point /)
Stopping at filesystem boundary (GIT_DISCOVERY_ACROSS_FILESYSTEM not set).
2023-08-17 10:39:51.269 [info] > git rev-parse --show-toplevel [5ms]
2023-08-17 10:39:51.269 [info] fatal: not a git repository (or any parent up to mount point /)
Stopping at filesystem boundary (GIT_DISCOVERY_ACROSS_FILESYSTEM not set).
2023-08-17 10:39:51.278 [info] > git rev-parse --show-toplevel [1ms]
2023-08-17 10:39:51.278 [info] fatal: not a git repository (or any parent up to mount point /)
Stopping at filesystem boundary (GIT_DISCOVERY_ACROSS_FILESYSTEM not set).
2023-08-17 10:39:51.284 [info] > git rev-parse --show-toplevel [1ms]
2023-08-17 10:39:51.284 [info] fatal: not a git repository (or any parent up to mount point /)
Stopping at filesystem boundary (GIT_DISCOVERY_ACROSS_FILESYSTEM not set).
2023-08-17 10:39:51.290 [info] > git rev-parse --show-toplevel [2ms]
2023-08-17 10:39:51.290 [info] fatal: not a git repository (or any parent up to mount point /)
Stopping at filesystem boundary (GIT_DISCOVERY_ACROSS_FILESYSTEM not set).
2023-08-17 10:39:51.298 [info] > git rev-parse --show-toplevel [2ms]
2023-08-17 10:39:51.298 [info] fatal: not a git repository (or any parent up to mount point /)
Stopping at filesystem boundary (GIT_DISCOVERY_ACROSS_FILESYSTEM not set).
2023-08-17 10:39:51.308 [info] > git rev-parse --show-toplevel [1ms]
2023-08-17 10:39:51.308 [info] fatal: not a git repository (or any parent up to mount point /)
Stopping at filesystem boundary (GIT_DISCOVERY_ACROSS_FILESYSTEM not set).
2023-08-17 10:39:51.323 [info] > git rev-parse --show-toplevel [9ms]
2023-08-17 10:39:51.323 [info] fatal: not a git repository (or any parent up to mount point /)
Stopping at filesystem boundary (GIT_DISCOVERY_ACROSS_FILESYSTEM not set).
2023-08-17 10:39:51.328 [info] > git rev-parse --show-toplevel [1ms]
2023-08-17 10:39:51.328 [info] fatal: not a git repository (or any parent up to mount point /)
Stopping at filesystem boundary (GIT_DISCOVERY_ACROSS_FILESYSTEM not set).
2023-08-17 10:39:51.341 [info] > git rev-parse --show-toplevel [3ms]
2023-08-17 10:39:51.341 [info] fatal: not a git repository (or any parent up to mount point /)
Stopping at filesystem boundary (GIT_DISCOVERY_ACROSS_FILESYSTEM not set).
2023-08-17 10:39:51.346 [info] > git rev-parse --show-toplevel [1ms]
2023-08-17 10:39:51.346 [info] fatal: not a git repository (or any parent up to mount point /)
Stopping at filesystem boundary (GIT_DISCOVERY_ACROSS_FILESYSTEM not set).
2023-08-17 10:39:51.351 [info] > git rev-parse --show-toplevel [1ms]
2023-08-17 10:39:51.351 [info] fatal: not a git repository (or any parent up to mount point /)
Stopping at filesystem boundary (GIT_DISCOVERY_ACROSS_FILESYSTEM not set).
2023-08-17 10:39:51.358 [info] > git rev-parse --show-toplevel [0ms]
2023-08-17 10:39:51.358 [info] fatal: not a git repository (or any parent up to mount point /)
Stopping at filesystem boundary (GIT_DISCOVERY_ACROSS_FILESYSTEM not set).
2023-08-17 10:39:51.362 [info] > git rev-parse --show-toplevel [1ms]
2023-08-17 10:39:51.362 [info] fatal: not a git repository (or any parent up to mount point /)
Stopping at filesystem boundary (GIT_DISCOVERY_ACROSS_FILESYSTEM not set).
2023-08-17 10:39:51.366 [info] > git rev-parse --show-toplevel [0ms]
2023-08-17 10:39:51.366 [info] fatal: not a git repository (or any parent up to mount point /)
Stopping at filesystem boundary (GIT_DISCOVERY_ACROSS_FILESYSTEM not set).
2023-08-17 10:39:51.373 [info] > git rev-parse --show-toplevel [1ms]
2023-08-17 10:39:51.373 [info] fatal: not a git repository (or any parent up to mount point /)
Stopping at filesystem boundary (GIT_DISCOVERY_ACROSS_FILESYSTEM not set).
2023-08-17 10:39:51.377 [info] > git rev-parse --show-toplevel [1ms]
2023-08-17 10:39:51.377 [info] fatal: not a git repository (or any parent up to mount point /)
Stopping at filesystem boundary (GIT_DISCOVERY_ACROSS_FILESYSTEM not set).
2023-08-17 10:39:51.382 [info] > git rev-parse --show-toplevel [1ms]
2023-08-17 10:39:51.382 [info] fatal: not a git repository (or any parent up to mount point /)
Stopping at filesystem boundary (GIT_DISCOVERY_ACROSS_FILESYSTEM not set).
2023-08-17 10:39:51.387 [info] > git rev-parse --show-toplevel [1ms]
2023-08-17 10:39:51.387 [info] fatal: not a git repository (or any parent up to mount point /)
Stopping at filesystem boundary (GIT_DISCOVERY_ACROSS_FILESYSTEM not set).
2023-08-17 10:39:51.393 [info] > git rev-parse --show-toplevel [0ms]
2023-08-17 10:39:51.393 [info] fatal: not a git repository (or any parent up to mount point /)
Stopping at filesystem boundary (GIT_DISCOVERY_ACROSS_FILESYSTEM not set).
2023-08-17 10:39:51.397 [info] > git rev-parse --show-toplevel [1ms]
2023-08-17 10:39:51.397 [info] fatal: not a git repository (or any parent up to mount point /)
Stopping at filesystem boundary (GIT_DISCOVERY_ACROSS_FILESYSTEM not set).
2023-08-17 10:39:51.402 [info] > git rev-parse --show-toplevel [0ms]
2023-08-17 10:39:51.402 [info] fatal: not a git repository (or any parent up to mount point /)
Stopping at filesystem boundary (GIT_DISCOVERY_ACROSS_FILESYSTEM not set).
2023-08-17 10:39:51.407 [info] > git rev-parse --show-toplevel [1ms]
2023-08-17 10:39:51.407 [info] fatal: not a git repository (or any parent up to mount point /)
Stopping at filesystem boundary (GIT_DISCOVERY_ACROSS_FILESYSTEM not set).
2023-08-17 10:39:51.412 [info] > git rev-parse --show-toplevel [1ms]
2023-08-17 10:39:51.412 [info] fatal: not a git repository (or any parent up to mount point /)
Stopping at filesystem boundary (GIT_DISCOVERY_ACROSS_FILESYSTEM not set).
2023-08-17 10:39:51.416 [info] > git rev-parse --show-toplevel [1ms]
2023-08-17 10:39:51.416 [info] fatal: not a git repository (or any parent up to mount point /)
Stopping at filesystem boundary (GIT_DISCOVERY_ACROSS_FILESYSTEM not set).
2023-08-17 10:39:51.422 [info] > git rev-parse --show-toplevel [1ms]
2023-08-17 10:39:51.423 [info] fatal: not a git repository (or any parent up to mount point /)
Stopping at filesystem boundary (GIT_DISCOVERY_ACROSS_FILESYSTEM not set).
2023-08-17 10:39:51.430 [info] > git rev-parse --show-toplevel [2ms]
2023-08-17 10:39:51.430 [info] fatal: not a git repository (or any parent up to mount point /)
Stopping at filesystem boundary (GIT_DISCOVERY_ACROSS_FILESYSTEM not set).
2023-08-17 10:39:51.437 [info] > git rev-parse --show-toplevel [2ms]
2023-08-17 10:39:51.437 [info] fatal: not a git repository (or any parent up to mount point /)
Stopping at filesystem boundary (GIT_DISCOVERY_ACROSS_FILESYSTEM not set).
2023-08-17 10:39:51.443 [info] > git rev-parse --show-toplevel [1ms]
2023-08-17 10:39:51.443 [info] fatal: not a git repository (or any parent up to mount point /)
Stopping at filesystem boundary (GIT_DISCOVERY_ACROSS_FILESYSTEM not set).
2023-08-17 10:39:51.449 [info] > git rev-parse --show-toplevel [1ms]
2023-08-17 10:39:51.449 [info] fatal: not a git repository (or any parent up to mount point /)
Stopping at filesystem boundary (GIT_DISCOVERY_ACROSS_FILESYSTEM not set).
2023-08-17 10:39:51.457 [info] > git rev-parse --show-toplevel [1ms]
2023-08-17 10:39:51.457 [info] fatal: not a git repository (or any parent up to mount point /)
Stopping at filesystem boundary (GIT_DISCOVERY_ACROSS_FILESYSTEM not set).
2023-08-17 10:39:51.463 [info] > git rev-parse --show-toplevel [1ms]
2023-08-17 10:39:51.463 [info] fatal: not a git repository (or any parent up to mount point /)
Stopping at filesystem boundary (GIT_DISCOVERY_ACROSS_FILESYSTEM not set).
2023-08-17 10:39:51.470 [info] > git rev-parse --show-toplevel [2ms]
2023-08-17 10:39:51.470 [info] fatal: not a git repository (or any parent up to mount point /)
Stopping at filesystem boundary (GIT_DISCOVERY_ACROSS_FILESYSTEM not set).
2023-08-17 10:39:51.477 [info] > git rev-parse --show-toplevel [1ms]
2023-08-17 10:39:51.478 [info] fatal: not a git repository (or any parent up to mount point /)
Stopping at filesystem boundary (GIT_DISCOVERY_ACROSS_FILESYSTEM not set).
2023-08-17 10:39:51.484 [info] > git rev-parse --show-toplevel [1ms]
2023-08-17 10:39:51.484 [info] fatal: not a git repository (or any parent up to mount point /)
Stopping at filesystem boundary (GIT_DISCOVERY_ACROSS_FILESYSTEM not set).
2023-08-17 10:39:51.490 [info] > git rev-parse --show-toplevel [1ms]
2023-08-17 10:39:51.490 [info] fatal: not a git repository (or any parent up to mount point /)
Stopping at filesystem boundary (GIT_DISCOVERY_ACROSS_FILESYSTEM not set).
2023-08-17 10:39:51.496 [info] > git rev-parse --show-toplevel [2ms]
2023-08-17 10:39:51.496 [info] fatal: not a git repository (or any parent up to mount point /)
Stopping at filesystem boundary (GIT_DISCOVERY_ACROSS_FILESYSTEM not set).
2023-08-17 10:39:51.503 [info] > git rev-parse --show-toplevel [2ms]
2023-08-17 10:39:51.503 [info] fatal: not a git repository (or any parent up to mount point /)
Stopping at filesystem boundary (GIT_DISCOVERY_ACROSS_FILESYSTEM not set).
2023-08-17 10:39:51.510 [info] > git rev-parse --show-toplevel [1ms]
2023-08-17 10:39:51.510 [info] fatal: not a git repository (or any parent up to mount point /)
Stopping at filesystem boundary (GIT_DISCOVERY_ACROSS_FILESYSTEM not set).
2023-08-17 10:39:51.517 [info] > git rev-parse --show-toplevel [0ms]
2023-08-17 10:39:51.517 [info] fatal: not a git repository (or any parent up to mount point /)
Stopping at filesystem boundary (GIT_DISCOVERY_ACROSS_FILESYSTEM not set).
2023-08-17 10:39:51.525 [info] > git rev-parse --show-toplevel [2ms]
2023-08-17 10:39:51.525 [info] fatal: not a git repository (or any parent up to mount point /)
Stopping at filesystem boundary (GIT_DISCOVERY_ACROSS_FILESYSTEM not set).
2023-08-17 10:39:51.532 [info] > git rev-parse --show-toplevel [2ms]
2023-08-17 10:39:51.532 [info] fatal: not a git repository (or any parent up to mount point /)
Stopping at filesystem boundary (GIT_DISCOVERY_ACROSS_FILESYSTEM not set).
2023-08-17 10:39:51.541 [info] > git rev-parse --show-toplevel [1ms]
2023-08-17 10:39:51.541 [info] fatal: not a git repository (or any parent up to mount point /)
Stopping at filesystem boundary (GIT_DISCOVERY_ACROSS_FILESYSTEM not set).
2023-08-17 10:39:51.548 [info] > git rev-parse --show-toplevel [2ms]
2023-08-17 10:39:51.548 [info] fatal: not a git repository (or any parent up to mount point /)
Stopping at filesystem boundary (GIT_DISCOVERY_ACROSS_FILESYSTEM not set).
2023-08-17 10:39:51.556 [info] > git rev-parse --show-toplevel [2ms]
2023-08-17 10:39:51.556 [info] fatal: not a git repository (or any parent up to mount point /)
Stopping at filesystem boundary (GIT_DISCOVERY_ACROSS_FILESYSTEM not set).
2023-08-17 10:39:51.563 [info] > git rev-parse --show-toplevel [1ms]
2023-08-17 10:39:51.563 [info] fatal: not a git repository (or any parent up to mount point /)
Stopping at filesystem boundary (GIT_DISCOVERY_ACROSS_FILESYSTEM not set).
2023-08-17 10:39:51.569 [info] > git rev-parse --show-toplevel [1ms]
2023-08-17 10:39:51.569 [info] fatal: not a git repository (or any parent up to mount point /)
Stopping at filesystem boundary (GIT_DISCOVERY_ACROSS_FILESYSTEM not set).
2023-08-17 10:39:51.576 [info] > git rev-parse --show-toplevel [1ms]
2023-08-17 10:39:51.576 [info] fatal: not a git repository (or any parent up to mount point /)
Stopping at filesystem boundary (GIT_DISCOVERY_ACROSS_FILESYSTEM not set).
2023-08-17 10:39:51.581 [info] > git rev-parse --show-toplevel [1ms]
2023-08-17 10:39:51.581 [info] fatal: not a git repository (or any parent up to mount point /)
Stopping at filesystem boundary (GIT_DISCOVERY_ACROSS_FILESYSTEM not set).
2023-08-17 10:39:51.605 [info] > git rev-parse --show-toplevel [8ms]
2023-08-17 10:39:51.605 [info] fatal: not a git repository (or any parent up to mount point /)
Stopping at filesystem boundary (GIT_DISCOVERY_ACROSS_FILESYSTEM not set).
2023-08-17 10:39:51.622 [info] > git rev-parse --show-toplevel [1ms]
2023-08-17 10:39:51.623 [info] fatal: not a git repository (or any parent up to mount point /)
Stopping at filesystem boundary (GIT_DISCOVERY_ACROSS_FILESYSTEM not set).
2023-08-17 10:39:51.631 [info] > git rev-parse --show-toplevel [3ms]
2023-08-17 10:39:51.631 [info] fatal: not a git repository (or any parent up to mount point /)
Stopping at filesystem boundary (GIT_DISCOVERY_ACROSS_FILESYSTEM not set).
2023-08-17 10:39:51.641 [info] > git rev-parse --show-toplevel [3ms]
2023-08-17 10:39:51.641 [info] fatal: not a git repository (or any parent up to mount point /)
Stopping at filesystem boundary (GIT_DISCOVERY_ACROSS_FILESYSTEM not set).
2023-08-17 10:39:51.648 [info] > git rev-parse --show-toplevel [1ms]
2023-08-17 10:39:51.648 [info] fatal: not a git repository (or any parent up to mount point /)
Stopping at filesystem boundary (GIT_DISCOVERY_ACROSS_FILESYSTEM not set).
2023-08-17 10:39:51.658 [info] > git rev-parse --show-toplevel [1ms]
2023-08-17 10:39:51.658 [info] fatal: not a git repository (or any parent up to mount point /)
Stopping at filesystem boundary (GIT_DISCOVERY_ACROSS_FILESYSTEM not set).
2023-08-17 10:39:51.667 [info] > git rev-parse --show-toplevel [2ms]
2023-08-17 10:39:51.667 [info] fatal: not a git repository (or any parent up to mount point /)
Stopping at filesystem boundary (GIT_DISCOVERY_ACROSS_FILESYSTEM not set).
2023-08-17 10:39:51.809 [info] > git rev-parse --show-toplevel [3ms]
2023-08-17 10:39:51.809 [info] fatal: not a git repository (or any parent up to mount point /)
Stopping at filesystem boundary (GIT_DISCOVERY_ACROSS_FILESYSTEM not set).
2023-08-17 10:39:53.781 [info] > git rev-parse --show-toplevel [1ms]
2023-08-17 10:39:53.781 [info] fatal: not a git repository (or any parent up to mount point /)
Stopping at filesystem boundary (GIT_DISCOVERY_ACROSS_FILESYSTEM not set).
2023-08-17 10:40:33.183 [info] > git rev-parse --show-toplevel [3ms]
2023-08-17 10:40:33.183 [info] fatal: not a git repository (or any parent up to mount point /)
Stopping at filesystem boundary (GIT_DISCOVERY_ACROSS_FILESYSTEM not set).
2023-08-17 10:46:07.091 [info] > git rev-parse --show-toplevel [1ms]
2023-08-17 10:46:07.091 [info] fatal: not a git repository (or any parent up to mount point /)
Stopping at filesystem boundary (GIT_DISCOVERY_ACROSS_FILESYSTEM not set).
2023-08-17 10:46:42.275 [info] > git rev-parse --show-toplevel [2ms]
2023-08-17 10:46:42.275 [info] fatal: not a git repository (or any parent up to mount point /)
Stopping at filesystem boundary (GIT_DISCOVERY_ACROSS_FILESYSTEM not set).
2023-08-17 10:50:09.942 [info] > git rev-parse --show-toplevel [1ms]
2023-08-17 10:50:09.942 [info] fatal: not a git repository (or any parent up to mount point /)
Stopping at filesystem boundary (GIT_DISCOVERY_ACROSS_FILESYSTEM not set).
2023-08-17 10:50:51.159 [info] > git rev-parse --show-toplevel [2ms]
2023-08-17 10:50:51.159 [info] fatal: not a git repository (or any parent up to mount point /)
Stopping at filesystem boundary (GIT_DISCOVERY_ACROSS_FILESYSTEM not set).
2023-08-17 10:51:22.524 [info] > git rev-parse --show-toplevel [2ms]
2023-08-17 10:51:22.524 [info] fatal: not a git repository (or any parent up to mount point /)
Stopping at filesystem boundary (GIT_DISCOVERY_ACROSS_FILESYSTEM not set).
2023-08-17 10:52:23.590 [info] > git rev-parse --show-toplevel [1ms]
2023-08-17 10:52:23.591 [info] fatal: not a git repository (or any parent up to mount point /)
Stopping at filesystem boundary (GIT_DISCOVERY_ACROSS_FILESYSTEM not set).
2023-08-17 10:56:11.241 [info] > git rev-parse --show-toplevel [2ms]
2023-08-17 10:56:11.241 [info] fatal: not a git repository (or any parent up to mount point /)
Stopping at filesystem boundary (GIT_DISCOVERY_ACROSS_FILESYSTEM not set).
2023-08-17 10:57:24.030 [info] > git rev-parse --show-toplevel [2ms]
2023-08-17 10:57:24.030 [info] fatal: not a git repository (or any parent up to mount point /)
Stopping at filesystem boundary (GIT_DISCOVERY_ACROSS_FILESYSTEM not set).
2023-08-17 11:22:00.760 [info] > git rev-parse --show-toplevel [1ms]
2023-08-17 11:22:00.760 [info] fatal: not a git repository (or any parent up to mount point /)
Stopping at filesystem boundary (GIT_DISCOVERY_ACROSS_FILESYSTEM not set).
2023-08-17 11:23:52.474 [info] > git rev-parse --show-toplevel [1ms]
2023-08-17 11:23:52.474 [info] fatal: not a git repository (or any parent up to mount point /)
Stopping at filesystem boundary (GIT_DISCOVERY_ACROSS_FILESYSTEM not set).
2023-08-17 11:23:52.478 [info] > git rev-parse --show-toplevel [0ms]
2023-08-17 11:23:52.479 [info] fatal: not a git repository (or any parent up to mount point /)
Stopping at filesystem boundary (GIT_DISCOVERY_ACROSS_FILESYSTEM not set).
2023-08-17 11:23:56.748 [info] > git rev-parse --show-toplevel [1ms]
2023-08-17 11:23:56.748 [info] fatal: not a git repository (or any parent up to mount point /)
Stopping at filesystem boundary (GIT_DISCOVERY_ACROSS_FILESYSTEM not set).
2023-08-17 11:29:41.127 [info] > git rev-parse --show-toplevel [11ms]
2023-08-17 11:29:41.127 [info] fatal: not a git repository (or any parent up to mount point /)
Stopping at filesystem boundary (GIT_DISCOVERY_ACROSS_FILESYSTEM not set).
2023-08-17 11:31:12.646 [info] > git rev-parse --show-toplevel [1ms]
2023-08-17 11:31:12.646 [info] fatal: not a git repository (or any parent up to mount point /)
Stopping at filesystem boundary (GIT_DISCOVERY_ACROSS_FILESYSTEM not set).
2023-08-17 11:33:20.899 [info] > git rev-parse --show-toplevel [2ms]
2023-08-17 11:33:20.899 [info] fatal: not a git repository (or any parent up to mount point /)
Stopping at filesystem boundary (GIT_DISCOVERY_ACROSS_FILESYSTEM not set).
2023-08-17 19:01:32.289 [info] > git rev-parse --show-toplevel [8ms]
2023-08-17 19:01:32.290 [info] fatal: not a git repository (or any parent up to mount point /)
Stopping at filesystem boundary (GIT_DISCOVERY_ACROSS_FILESYSTEM not set).
2023-08-17 19:04:20.809 [info] > git rev-parse --show-toplevel [1ms]
2023-08-17 19:04:20.809 [info] fatal: not a git repository (or any parent up to mount point /)
Stopping at filesystem boundary (GIT_DISCOVERY_ACROSS_FILESYSTEM not set).
