00:00:00.000808 main     VirtualBox XPCOM Server 7.0.10 r158379 linux.amd64 (Aug 11 2023 12:19:51) release log
00:00:00.000810 main     Log opened 2023-08-20T07:20:21.224524000Z
00:00:00.000811 main     Build Type: release
00:00:00.000813 main     OS Product: Linux
00:00:00.000814 main     OS Release: 6.4.11-zen2-1-zen
00:00:00.000814 main     OS Version: #1 ZEN SMP PREEMPT_DYNAMIC Sat, 19 Aug 2023 15:38:10 +0000
00:00:00.000902 main     DMI Product Name: VivoBook_ASUSLaptop X415JA_X415JA
00:00:00.000908 main     DMI Product Version: 1.0       
00:00:00.000911 main     Firmware type: UEFI
00:00:00.001069 main     Secure Boot: Disabled
00:00:00.001091 main     Host RAM: 7687MB (7.5GB) total, 6137MB (5.9GB) available
00:00:00.001093 main     Executable: /usr/lib/virtualbox/VBoxSVC
00:00:00.001093 main     Process ID: 62382
00:00:00.001094 main     Package type: LINUX_64BITS_GENERIC (OSE)
00:00:00.002230 main     IPC socket path: /tmp/.vbox-pratyush-ipc/ipcd
00:00:00.106087 nspr-2   VirtualBox: object creation starts
00:00:00.106154 nspr-2   Home directory: '/home/pratyush/.config/VirtualBox'
00:00:00.106292 nspr-2   Loading settings file "/home/pratyush/.config/VirtualBox/VirtualBox.xml" with version "1.12-linux"
00:00:00.116127 nspr-2   NetIfAdpCtlOut: VBoxNetAdpCtl: Error while retrieving link speed for wlan0: VBoxNetAdpCtl: ioctl failed: Operation not supported
00:00:00.117288 nspr-2   HostDnsMonitor: initializing
00:00:00.117407 nspr-2   NAT: resolv.conf: nameserver 1.0.0.1
00:00:00.117416 nspr-2   NAT: resolv.conf: nameserver 2606:4700::1111
00:00:00.117418 nspr-2   NAT: resolv.conf: nameserver 2606:4700::1001
00:00:00.117423 nspr-2   HostDnsMonitor: updating information
00:00:00.117431 nspr-2   HostDnsMonitor: old information
00:00:00.117433 nspr-2     no server entries
00:00:00.117434 nspr-2     no domain set
00:00:00.117436 nspr-2     no search string entries
00:00:00.117437 nspr-2   HostDnsMonitor: new information
00:00:00.117439 nspr-2     server 1: 1.0.0.1
00:00:00.117440 nspr-2     server 2: 2606:4700::1111
00:00:00.117442 nspr-2     server 3: 2606:4700::1001
00:00:00.117444 nspr-2     domain: domain.name
00:00:00.117445 nspr-2     search string 1: domain.name
00:00:00.119010 nspr-2   VD: VDInit finished with VINF_SUCCESS
00:00:00.119074 nspr-2   ERROR [COM]: aRC=NS_ERROR_FAILURE (0x80004005) aIID={aac6c7cb-a371-4c58-ab51-0616896b2f2c} aComponent={SystemPropertiesWrap} aText={Cannot determine default Guest Additions ISO location. Most likely they are not available}, preserve=false aResultDetail=0
00:00:00.119491 nspr-2   VirtualBox: object created
00:00:00.584764 nspr-4   WARNING [COM]: aRC=NS_ERROR_FAILURE (0x80004005) aIID={e54f6256-97a7-4947-8a78-10c013ddf4b8} aComponent={HostWrap} aText={VirtualBox is not currently allowed to access USB devices.  You can change this by adding your user to the 'vboxusers' group.  Please see the user manual for a more detailed explanation}, preserve=false aResultDetail=0
00:00:00.990836 nspr-3   Saving settings file "/home/pratyush/.config/VirtualBox/VirtualBox.xml" with version "1.12-linux"
00:00:01.003192 nspr-3   Finished saving settings file "/home/pratyush/.config/VirtualBox/VirtualBox.xml"
00:00:02.983924 nspr-3   Saving settings file "/home/pratyush/.config/VirtualBox/VirtualBox.xml" with version "1.12-linux"
00:00:02.995283 nspr-3   Finished saving settings file "/home/pratyush/.config/VirtualBox/VirtualBox.xml"
00:00:03.684620 nspr-2   Saving settings file "/home/pratyush/.config/VirtualBox/VirtualBox.xml" with version "1.12-linux"
00:00:03.696479 nspr-2   Finished saving settings file "/home/pratyush/.config/VirtualBox/VirtualBox.xml"
00:00:04.784491 nspr-3   Saving settings file "/home/pratyush/.config/VirtualBox/VirtualBox.xml" with version "1.12-linux"
00:00:04.795896 nspr-3   Finished saving settings file "/home/pratyush/.config/VirtualBox/VirtualBox.xml"
00:00:05.300705 nspr-2   Saving settings file "/home/pratyush/.config/VirtualBox/VirtualBox.xml" with version "1.12-linux"
00:00:05.312779 nspr-2   Finished saving settings file "/home/pratyush/.config/VirtualBox/VirtualBox.xml"
00:00:21.163191 nspr-3   Saving settings file "/home/pratyush/.config/VirtualBox/VirtualBox.xml" with version "1.12-linux"
00:00:21.174576 nspr-3   Finished saving settings file "/home/pratyush/.config/VirtualBox/VirtualBox.xml"
00:00:55.726074 nspr-4   ERROR [COM]: aRC=NS_ERROR_FAILURE (0x80004005) aIID={aac6c7cb-a371-4c58-ab51-0616896b2f2c} aComponent={SystemPropertiesWrap} aText={Cannot determine default Guest Additions ISO location. Most likely they are not available}, preserve=false aResultDetail=0
00:01:25.091639 nspr-4   Saving settings file "/home/pratyush/.config/VirtualBox/VirtualBox.xml" with version "1.12-linux"
00:01:25.130259 nspr-4   Finished saving settings file "/home/pratyush/.config/VirtualBox/VirtualBox.xml"
00:01:36.643881 main     VirtualBox: object deletion starts
00:01:36.644123 main     HostDnsMonitor: shutting down ...
00:01:36.644285 main     HostDnsMonitor: shut down
00:01:36.650844 Watcher  ERROR [COM]: aRC=E_ACCESSDENIED (0x80070005) aIID={7682d5eb-f00e-44f1-8ca2-99d08b1cd607} aComponent={VirtualBoxWrap} aText={The object is not ready}, preserve=false aResultDetail=0
00:01:36.654952 main     VirtualBox: object deleted
