2023-08-22 23:59:27.392 [info] Log level: Info
2023-08-22 23:59:27.392 [info] Validating found git in: "git"
2023-08-22 23:59:27.408 [info] Using git "2.41.0" from "git"
2023-08-22 23:59:27.427 [info] > git rev-parse --show-toplevel [6ms]
2023-08-22 23:59:27.427 [info] fatal: not a git repository (or any parent up to mount point /)
Stopping at filesystem boundary (GIT_DISCOVERY_ACROSS_FILESYSTEM not set).
2023-08-22 23:59:27.444 [info] > git rev-parse --show-toplevel [10ms]
2023-08-22 23:59:27.444 [info] fatal: not a git repository (or any parent up to mount point /)
Stopping at filesystem boundary (GIT_DISCOVERY_ACROSS_FILESYSTEM not set).
2023-08-22 23:59:27.520 [info] > git rev-parse --show-toplevel [63ms]
2023-08-22 23:59:27.520 [info] fatal: not a git repository (or any parent up to mount point /)
Stopping at filesystem boundary (GIT_DISCOVERY_ACROSS_FILESYSTEM not set).
2023-08-22 23:59:27.546 [info] > git rev-parse --show-toplevel [4ms]
2023-08-22 23:59:27.546 [info] fatal: not a git repository (or any parent up to mount point /)
Stopping at filesystem boundary (GIT_DISCOVERY_ACROSS_FILESYSTEM not set).
2023-08-22 23:59:27.563 [info] > git rev-parse --show-toplevel [3ms]
2023-08-22 23:59:27.563 [info] fatal: not a git repository (or any parent up to mount point /)
Stopping at filesystem boundary (GIT_DISCOVERY_ACROSS_FILESYSTEM not set).
2023-08-22 23:59:27.573 [info] > git rev-parse --show-toplevel [2ms]
2023-08-22 23:59:27.573 [info] fatal: not a git repository (or any parent up to mount point /)
Stopping at filesystem boundary (GIT_DISCOVERY_ACROSS_FILESYSTEM not set).
2023-08-22 23:59:27.582 [info] > git rev-parse --show-toplevel [1ms]
2023-08-22 23:59:27.582 [info] fatal: not a git repository (or any parent up to mount point /)
Stopping at filesystem boundary (GIT_DISCOVERY_ACROSS_FILESYSTEM not set).
2023-08-22 23:59:27.591 [info] > git rev-parse --show-toplevel [2ms]
2023-08-22 23:59:27.591 [info] fatal: not a git repository (or any parent up to mount point /)
Stopping at filesystem boundary (GIT_DISCOVERY_ACROSS_FILESYSTEM not set).
2023-08-22 23:59:27.601 [info] > git rev-parse --show-toplevel [3ms]
2023-08-22 23:59:27.601 [info] fatal: not a git repository (or any parent up to mount point /)
Stopping at filesystem boundary (GIT_DISCOVERY_ACROSS_FILESYSTEM not set).
2023-08-22 23:59:27.613 [info] > git rev-parse --show-toplevel [5ms]
2023-08-22 23:59:27.613 [info] fatal: not a git repository (or any parent up to mount point /)
Stopping at filesystem boundary (GIT_DISCOVERY_ACROSS_FILESYSTEM not set).
2023-08-22 23:59:27.626 [info] > git rev-parse --show-toplevel [3ms]
2023-08-22 23:59:27.626 [info] fatal: not a git repository (or any parent up to mount point /)
Stopping at filesystem boundary (GIT_DISCOVERY_ACROSS_FILESYSTEM not set).
2023-08-22 23:59:27.633 [info] > git rev-parse --show-toplevel [1ms]
2023-08-22 23:59:27.633 [info] fatal: not a git repository (or any parent up to mount point /)
Stopping at filesystem boundary (GIT_DISCOVERY_ACROSS_FILESYSTEM not set).
2023-08-22 23:59:27.642 [info] > git rev-parse --show-toplevel [1ms]
2023-08-22 23:59:27.642 [info] fatal: not a git repository (or any parent up to mount point /)
Stopping at filesystem boundary (GIT_DISCOVERY_ACROSS_FILESYSTEM not set).
2023-08-22 23:59:27.654 [info] > git rev-parse --show-toplevel [3ms]
2023-08-22 23:59:27.654 [info] fatal: not a git repository (or any parent up to mount point /)
Stopping at filesystem boundary (GIT_DISCOVERY_ACROSS_FILESYSTEM not set).
2023-08-22 23:59:27.675 [info] > git rev-parse --show-toplevel [12ms]
2023-08-22 23:59:27.675 [info] fatal: not a git repository (or any parent up to mount point /)
Stopping at filesystem boundary (GIT_DISCOVERY_ACROSS_FILESYSTEM not set).
2023-08-22 23:59:27.686 [info] > git rev-parse --show-toplevel [2ms]
2023-08-22 23:59:27.686 [info] fatal: not a git repository (or any parent up to mount point /)
Stopping at filesystem boundary (GIT_DISCOVERY_ACROSS_FILESYSTEM not set).
2023-08-22 23:59:27.696 [info] > git rev-parse --show-toplevel [3ms]
2023-08-22 23:59:27.696 [info] fatal: not a git repository (or any parent up to mount point /)
Stopping at filesystem boundary (GIT_DISCOVERY_ACROSS_FILESYSTEM not set).
2023-08-22 23:59:27.705 [info] > git rev-parse --show-toplevel [1ms]
2023-08-22 23:59:27.705 [info] fatal: not a git repository (or any parent up to mount point /)
Stopping at filesystem boundary (GIT_DISCOVERY_ACROSS_FILESYSTEM not set).
2023-08-22 23:59:27.717 [info] > git rev-parse --show-toplevel [1ms]
2023-08-22 23:59:27.717 [info] fatal: not a git repository (or any parent up to mount point /)
Stopping at filesystem boundary (GIT_DISCOVERY_ACROSS_FILESYSTEM not set).
2023-08-22 23:59:27.728 [info] > git rev-parse --show-toplevel [4ms]
2023-08-22 23:59:27.728 [info] fatal: not a git repository (or any parent up to mount point /)
Stopping at filesystem boundary (GIT_DISCOVERY_ACROSS_FILESYSTEM not set).
2023-08-22 23:59:27.738 [info] > git rev-parse --show-toplevel [2ms]
2023-08-22 23:59:27.738 [info] fatal: not a git repository (or any parent up to mount point /)
Stopping at filesystem boundary (GIT_DISCOVERY_ACROSS_FILESYSTEM not set).
2023-08-22 23:59:27.747 [info] > git rev-parse --show-toplevel [3ms]
2023-08-22 23:59:27.747 [info] fatal: not a git repository (or any parent up to mount point /)
Stopping at filesystem boundary (GIT_DISCOVERY_ACROSS_FILESYSTEM not set).
2023-08-22 23:59:27.763 [info] > git rev-parse --show-toplevel [2ms]
2023-08-22 23:59:27.763 [info] fatal: not a git repository (or any parent up to mount point /)
Stopping at filesystem boundary (GIT_DISCOVERY_ACROSS_FILESYSTEM not set).
2023-08-22 23:59:27.775 [info] > git rev-parse --show-toplevel [5ms]
2023-08-22 23:59:27.775 [info] fatal: not a git repository (or any parent up to mount point /)
Stopping at filesystem boundary (GIT_DISCOVERY_ACROSS_FILESYSTEM not set).
2023-08-22 23:59:27.785 [info] > git rev-parse --show-toplevel [2ms]
2023-08-22 23:59:27.785 [info] fatal: not a git repository (or any parent up to mount point /)
Stopping at filesystem boundary (GIT_DISCOVERY_ACROSS_FILESYSTEM not set).
2023-08-22 23:59:27.794 [info] > git rev-parse --show-toplevel [2ms]
2023-08-22 23:59:27.794 [info] fatal: not a git repository (or any parent up to mount point /)
Stopping at filesystem boundary (GIT_DISCOVERY_ACROSS_FILESYSTEM not set).
2023-08-22 23:59:27.802 [info] > git rev-parse --show-toplevel [1ms]
2023-08-22 23:59:27.802 [info] fatal: not a git repository (or any parent up to mount point /)
Stopping at filesystem boundary (GIT_DISCOVERY_ACROSS_FILESYSTEM not set).
2023-08-22 23:59:27.811 [info] > git rev-parse --show-toplevel [1ms]
2023-08-22 23:59:27.811 [info] fatal: not a git repository (or any parent up to mount point /)
Stopping at filesystem boundary (GIT_DISCOVERY_ACROSS_FILESYSTEM not set).
2023-08-22 23:59:27.820 [info] > git rev-parse --show-toplevel [1ms]
2023-08-22 23:59:27.820 [info] fatal: not a git repository (or any parent up to mount point /)
Stopping at filesystem boundary (GIT_DISCOVERY_ACROSS_FILESYSTEM not set).
2023-08-22 23:59:27.847 [info] > git rev-parse --show-toplevel [15ms]
2023-08-22 23:59:27.847 [info] fatal: not a git repository (or any parent up to mount point /)
Stopping at filesystem boundary (GIT_DISCOVERY_ACROSS_FILESYSTEM not set).
2023-08-22 23:59:27.864 [info] > git rev-parse --show-toplevel [1ms]
2023-08-22 23:59:27.864 [info] fatal: not a git repository (or any parent up to mount point /)
Stopping at filesystem boundary (GIT_DISCOVERY_ACROSS_FILESYSTEM not set).
2023-08-22 23:59:27.874 [info] > git rev-parse --show-toplevel [2ms]
2023-08-22 23:59:27.874 [info] fatal: not a git repository (or any parent up to mount point /)
Stopping at filesystem boundary (GIT_DISCOVERY_ACROSS_FILESYSTEM not set).
2023-08-22 23:59:27.884 [info] > git rev-parse --show-toplevel [3ms]
2023-08-22 23:59:27.884 [info] fatal: not a git repository (or any parent up to mount point /)
Stopping at filesystem boundary (GIT_DISCOVERY_ACROSS_FILESYSTEM not set).
2023-08-22 23:59:27.893 [info] > git rev-parse --show-toplevel [2ms]
2023-08-22 23:59:27.893 [info] fatal: not a git repository (or any parent up to mount point /)
Stopping at filesystem boundary (GIT_DISCOVERY_ACROSS_FILESYSTEM not set).
2023-08-22 23:59:27.902 [info] > git rev-parse --show-toplevel [2ms]
2023-08-22 23:59:27.902 [info] fatal: not a git repository (or any parent up to mount point /)
Stopping at filesystem boundary (GIT_DISCOVERY_ACROSS_FILESYSTEM not set).
2023-08-22 23:59:27.911 [info] > git rev-parse --show-toplevel [2ms]
2023-08-22 23:59:27.911 [info] fatal: not a git repository (or any parent up to mount point /)
Stopping at filesystem boundary (GIT_DISCOVERY_ACROSS_FILESYSTEM not set).
2023-08-22 23:59:27.921 [info] > git rev-parse --show-toplevel [3ms]
2023-08-22 23:59:27.921 [info] fatal: not a git repository (or any parent up to mount point /)
Stopping at filesystem boundary (GIT_DISCOVERY_ACROSS_FILESYSTEM not set).
2023-08-22 23:59:27.929 [info] > git rev-parse --show-toplevel [3ms]
2023-08-22 23:59:27.929 [info] fatal: not a git repository (or any parent up to mount point /)
Stopping at filesystem boundary (GIT_DISCOVERY_ACROSS_FILESYSTEM not set).
2023-08-22 23:59:27.936 [info] > git rev-parse --show-toplevel [1ms]
2023-08-22 23:59:27.936 [info] fatal: not a git repository (or any parent up to mount point /)
Stopping at filesystem boundary (GIT_DISCOVERY_ACROSS_FILESYSTEM not set).
2023-08-22 23:59:27.942 [info] > git rev-parse --show-toplevel [1ms]
2023-08-22 23:59:27.942 [info] fatal: not a git repository (or any parent up to mount point /)
Stopping at filesystem boundary (GIT_DISCOVERY_ACROSS_FILESYSTEM not set).
2023-08-22 23:59:27.949 [info] > git rev-parse --show-toplevel [1ms]
2023-08-22 23:59:27.949 [info] fatal: not a git repository (or any parent up to mount point /)
Stopping at filesystem boundary (GIT_DISCOVERY_ACROSS_FILESYSTEM not set).
2023-08-22 23:59:27.958 [info] > git rev-parse --show-toplevel [1ms]
2023-08-22 23:59:27.959 [info] fatal: not a git repository (or any parent up to mount point /)
Stopping at filesystem boundary (GIT_DISCOVERY_ACROSS_FILESYSTEM not set).
2023-08-22 23:59:27.969 [info] > git rev-parse --show-toplevel [3ms]
2023-08-22 23:59:27.969 [info] fatal: not a git repository (or any parent up to mount point /)
Stopping at filesystem boundary (GIT_DISCOVERY_ACROSS_FILESYSTEM not set).
2023-08-22 23:59:27.979 [info] > git rev-parse --show-toplevel [3ms]
2023-08-22 23:59:27.979 [info] fatal: not a git repository (or any parent up to mount point /)
Stopping at filesystem boundary (GIT_DISCOVERY_ACROSS_FILESYSTEM not set).
2023-08-22 23:59:27.993 [info] > git rev-parse --show-toplevel [6ms]
2023-08-22 23:59:27.993 [info] fatal: not a git repository (or any parent up to mount point /)
Stopping at filesystem boundary (GIT_DISCOVERY_ACROSS_FILESYSTEM not set).
2023-08-22 23:59:28.001 [info] > git rev-parse --show-toplevel [2ms]
2023-08-22 23:59:28.001 [info] fatal: not a git repository (or any parent up to mount point /)
Stopping at filesystem boundary (GIT_DISCOVERY_ACROSS_FILESYSTEM not set).
2023-08-22 23:59:28.009 [info] > git rev-parse --show-toplevel [2ms]
2023-08-22 23:59:28.009 [info] fatal: not a git repository (or any parent up to mount point /)
Stopping at filesystem boundary (GIT_DISCOVERY_ACROSS_FILESYSTEM not set).
2023-08-22 23:59:28.018 [info] > git rev-parse --show-toplevel [2ms]
2023-08-22 23:59:28.018 [info] fatal: not a git repository (or any parent up to mount point /)
Stopping at filesystem boundary (GIT_DISCOVERY_ACROSS_FILESYSTEM not set).
2023-08-22 23:59:28.026 [info] > git rev-parse --show-toplevel [2ms]
2023-08-22 23:59:28.026 [info] fatal: not a git repository (or any parent up to mount point /)
Stopping at filesystem boundary (GIT_DISCOVERY_ACROSS_FILESYSTEM not set).
2023-08-22 23:59:28.035 [info] > git rev-parse --show-toplevel [2ms]
2023-08-22 23:59:28.035 [info] fatal: not a git repository (or any parent up to mount point /)
Stopping at filesystem boundary (GIT_DISCOVERY_ACROSS_FILESYSTEM not set).
2023-08-22 23:59:28.044 [info] > git rev-parse --show-toplevel [2ms]
2023-08-22 23:59:28.044 [info] fatal: not a git repository (or any parent up to mount point /)
Stopping at filesystem boundary (GIT_DISCOVERY_ACROSS_FILESYSTEM not set).
2023-08-22 23:59:28.052 [info] > git rev-parse --show-toplevel [1ms]
2023-08-22 23:59:28.052 [info] fatal: not a git repository (or any parent up to mount point /)
Stopping at filesystem boundary (GIT_DISCOVERY_ACROSS_FILESYSTEM not set).
2023-08-22 23:59:28.058 [info] > git rev-parse --show-toplevel [1ms]
2023-08-22 23:59:28.058 [info] fatal: not a git repository (or any parent up to mount point /)
Stopping at filesystem boundary (GIT_DISCOVERY_ACROSS_FILESYSTEM not set).
2023-08-22 23:59:28.068 [info] > git rev-parse --show-toplevel [2ms]
2023-08-22 23:59:28.068 [info] fatal: not a git repository (or any parent up to mount point /)
Stopping at filesystem boundary (GIT_DISCOVERY_ACROSS_FILESYSTEM not set).
2023-08-22 23:59:28.075 [info] > git rev-parse --show-toplevel [1ms]
2023-08-22 23:59:28.075 [info] fatal: not a git repository (or any parent up to mount point /)
Stopping at filesystem boundary (GIT_DISCOVERY_ACROSS_FILESYSTEM not set).
2023-08-22 23:59:28.085 [info] > git rev-parse --show-toplevel [3ms]
2023-08-22 23:59:28.085 [info] fatal: not a git repository (or any parent up to mount point /)
Stopping at filesystem boundary (GIT_DISCOVERY_ACROSS_FILESYSTEM not set).
2023-08-22 23:59:28.098 [info] > git rev-parse --show-toplevel [3ms]
2023-08-22 23:59:28.098 [info] fatal: not a git repository (or any parent up to mount point /)
Stopping at filesystem boundary (GIT_DISCOVERY_ACROSS_FILESYSTEM not set).
2023-08-22 23:59:28.107 [info] > git rev-parse --show-toplevel [1ms]
2023-08-22 23:59:28.107 [info] fatal: not a git repository (or any parent up to mount point /)
Stopping at filesystem boundary (GIT_DISCOVERY_ACROSS_FILESYSTEM not set).
2023-08-22 23:59:28.116 [info] > git rev-parse --show-toplevel [2ms]
2023-08-22 23:59:28.116 [info] fatal: not a git repository (or any parent up to mount point /)
Stopping at filesystem boundary (GIT_DISCOVERY_ACROSS_FILESYSTEM not set).
2023-08-22 23:59:28.123 [info] > git rev-parse --show-toplevel [1ms]
2023-08-22 23:59:28.123 [info] fatal: not a git repository (or any parent up to mount point /)
Stopping at filesystem boundary (GIT_DISCOVERY_ACROSS_FILESYSTEM not set).
2023-08-22 23:59:28.131 [info] > git rev-parse --show-toplevel [2ms]
2023-08-22 23:59:28.131 [info] fatal: not a git repository (or any parent up to mount point /)
Stopping at filesystem boundary (GIT_DISCOVERY_ACROSS_FILESYSTEM not set).
2023-08-22 23:59:28.138 [info] > git rev-parse --show-toplevel [1ms]
2023-08-22 23:59:28.138 [info] fatal: not a git repository (or any parent up to mount point /)
Stopping at filesystem boundary (GIT_DISCOVERY_ACROSS_FILESYSTEM not set).
2023-08-22 23:59:28.149 [info] > git rev-parse --show-toplevel [3ms]
2023-08-22 23:59:28.149 [info] fatal: not a git repository (or any parent up to mount point /)
Stopping at filesystem boundary (GIT_DISCOVERY_ACROSS_FILESYSTEM not set).
2023-08-22 23:59:28.157 [info] > git rev-parse --show-toplevel [2ms]
2023-08-22 23:59:28.157 [info] fatal: not a git repository (or any parent up to mount point /)
Stopping at filesystem boundary (GIT_DISCOVERY_ACROSS_FILESYSTEM not set).
2023-08-22 23:59:28.166 [info] > git rev-parse --show-toplevel [2ms]
2023-08-22 23:59:28.166 [info] fatal: not a git repository (or any parent up to mount point /)
Stopping at filesystem boundary (GIT_DISCOVERY_ACROSS_FILESYSTEM not set).
2023-08-22 23:59:28.173 [info] > git rev-parse --show-toplevel [0ms]
2023-08-22 23:59:28.173 [info] fatal: not a git repository (or any parent up to mount point /)
Stopping at filesystem boundary (GIT_DISCOVERY_ACROSS_FILESYSTEM not set).
2023-08-22 23:59:28.182 [info] > git rev-parse --show-toplevel [2ms]
2023-08-22 23:59:28.182 [info] fatal: not a git repository (or any parent up to mount point /)
Stopping at filesystem boundary (GIT_DISCOVERY_ACROSS_FILESYSTEM not set).
2023-08-22 23:59:28.189 [info] > git rev-parse --show-toplevel [0ms]
2023-08-22 23:59:28.189 [info] fatal: not a git repository (or any parent up to mount point /)
Stopping at filesystem boundary (GIT_DISCOVERY_ACROSS_FILESYSTEM not set).
2023-08-22 23:59:28.196 [info] > git rev-parse --show-toplevel [2ms]
2023-08-22 23:59:28.196 [info] fatal: not a git repository (or any parent up to mount point /)
Stopping at filesystem boundary (GIT_DISCOVERY_ACROSS_FILESYSTEM not set).
2023-08-22 23:59:28.202 [info] > git rev-parse --show-toplevel [0ms]
2023-08-22 23:59:28.202 [info] fatal: not a git repository (or any parent up to mount point /)
Stopping at filesystem boundary (GIT_DISCOVERY_ACROSS_FILESYSTEM not set).
2023-08-22 23:59:28.208 [info] > git rev-parse --show-toplevel [1ms]
2023-08-22 23:59:28.208 [info] fatal: not a git repository (or any parent up to mount point /)
Stopping at filesystem boundary (GIT_DISCOVERY_ACROSS_FILESYSTEM not set).
2023-08-22 23:59:28.215 [info] > git rev-parse --show-toplevel [1ms]
2023-08-22 23:59:28.216 [info] fatal: not a git repository (or any parent up to mount point /)
Stopping at filesystem boundary (GIT_DISCOVERY_ACROSS_FILESYSTEM not set).
2023-08-22 23:59:28.223 [info] > git rev-parse --show-toplevel [1ms]
2023-08-22 23:59:28.223 [info] fatal: not a git repository (or any parent up to mount point /)
Stopping at filesystem boundary (GIT_DISCOVERY_ACROSS_FILESYSTEM not set).
2023-08-22 23:59:29.043 [info] > git rev-parse --show-toplevel [2ms]
2023-08-22 23:59:29.043 [info] fatal: not a git repository (or any parent up to mount point /)
Stopping at filesystem boundary (GIT_DISCOVERY_ACROSS_FILESYSTEM not set).
2023-08-22 23:59:35.254 [info] > git rev-parse --show-toplevel [4ms]
2023-08-22 23:59:35.254 [info] fatal: not a git repository (or any parent up to mount point /)
Stopping at filesystem boundary (GIT_DISCOVERY_ACROSS_FILESYSTEM not set).
